{"/Users/alphachristian/Projects/Darube/src/components/ConnectionModal.jsx": {"path":"/Users/alphachristian/Projects/Darube/src/components/ConnectionModal.jsx","all":false,"statementMap":{"0":{"start":{"line":1,"column":0},"end":{"line":1,"column":26}},"2":{"start":{"line":3,"column":0},"end":{"line":3,"column":94}},"4":{"start":{"line":5,"column":0},"end":{"line":5,"column":33}},"5":{"start":{"line":6,"column":0},"end":{"line":6,"column":50}},"6":{"start":{"line":7,"column":0},"end":{"line":7,"column":28}},"7":{"start":{"line":8,"column":0},"end":{"line":8,"column":4}},"8":{"start":{"line":9,"column":0},"end":{"line":9,"column":62}},"9":{"start":{"line":10,"column":0},"end":{"line":10,"column":76}},"12":{"start":{"line":13,"column":0},"end":{"line":13,"column":25}},"13":{"start":{"line":14,"column":0},"end":{"line":14,"column":28}},"14":{"start":{"line":15,"column":0},"end":{"line":15,"column":46}},"15":{"start":{"line":16,"column":0},"end":{"line":16,"column":39}},"16":{"start":{"line":17,"column":0},"end":{"line":17,"column":14}},"17":{"start":{"line":18,"column":0},"end":{"line":18,"column":37}},"18":{"start":{"line":19,"column":0},"end":{"line":19,"column":7}},"19":{"start":{"line":20,"column":0},"end":{"line":20,"column":5}},"20":{"start":{"line":21,"column":0},"end":{"line":21,"column":42}},"22":{"start":{"line":23,"column":0},"end":{"line":23,"column":25}},"23":{"start":{"line":24,"column":0},"end":{"line":24,"column":63}},"24":{"start":{"line":25,"column":0},"end":{"line":25,"column":25}},"26":{"start":{"line":27,"column":0},"end":{"line":27,"column":25}},"28":{"start":{"line":29,"column":0},"end":{"line":29,"column":86}},"29":{"start":{"line":30,"column":0},"end":{"line":30,"column":49}},"30":{"start":{"line":31,"column":0},"end":{"line":31,"column":49}},"32":{"start":{"line":33,"column":0},"end":{"line":33,"column":32}},"33":{"start":{"line":34,"column":0},"end":{"line":34,"column":52}},"34":{"start":{"line":35,"column":0},"end":{"line":35,"column":56}},"35":{"start":{"line":36,"column":0},"end":{"line":36,"column":4}},"37":{"start":{"line":38,"column":0},"end":{"line":38,"column":34}},"38":{"start":{"line":39,"column":0},"end":{"line":39,"column":46}},"39":{"start":{"line":40,"column":0},"end":{"line":40,"column":21}},"40":{"start":{"line":41,"column":0},"end":{"line":41,"column":30}},"41":{"start":{"line":42,"column":0},"end":{"line":42,"column":4}},"43":{"start":{"line":44,"column":0},"end":{"line":44,"column":29}},"44":{"start":{"line":45,"column":0},"end":{"line":45,"column":46}},"45":{"start":{"line":46,"column":0},"end":{"line":46,"column":21}},"46":{"start":{"line":47,"column":0},"end":{"line":47,"column":22}},"47":{"start":{"line":48,"column":0},"end":{"line":48,"column":4}},"49":{"start":{"line":50,"column":0},"end":{"line":50,"column":38}},"50":{"start":{"line":51,"column":0},"end":{"line":51,"column":50}},"51":{"start":{"line":52,"column":0},"end":{"line":52,"column":23}},"52":{"start":{"line":53,"column":0},"end":{"line":53,"column":25}},"53":{"start":{"line":54,"column":0},"end":{"line":54,"column":57}},"54":{"start":{"line":55,"column":0},"end":{"line":55,"column":63}},"55":{"start":{"line":56,"column":0},"end":{"line":56,"column":36}},"56":{"start":{"line":57,"column":0},"end":{"line":57,"column":5}},"57":{"start":{"line":58,"column":0},"end":{"line":58,"column":4}},"59":{"start":{"line":60,"column":0},"end":{"line":60,"column":36}},"60":{"start":{"line":61,"column":0},"end":{"line":61,"column":32}},"61":{"start":{"line":62,"column":0},"end":{"line":62,"column":28}},"62":{"start":{"line":63,"column":0},"end":{"line":63,"column":28}},"63":{"start":{"line":64,"column":0},"end":{"line":64,"column":25}},"64":{"start":{"line":65,"column":0},"end":{"line":65,"column":24}},"65":{"start":{"line":66,"column":0},"end":{"line":66,"column":25}},"66":{"start":{"line":67,"column":0},"end":{"line":67,"column":29}},"67":{"start":{"line":68,"column":0},"end":{"line":68,"column":34}},"68":{"start":{"line":69,"column":0},"end":{"line":69,"column":55}},"70":{"start":{"line":71,"column":0},"end":{"line":71,"column":114}},"71":{"start":{"line":72,"column":0},"end":{"line":72,"column":5}},"72":{"start":{"line":73,"column":0},"end":{"line":73,"column":4}},"74":{"start":{"line":75,"column":0},"end":{"line":75,"column":38}},"75":{"start":{"line":76,"column":0},"end":{"line":76,"column":32}},"76":{"start":{"line":77,"column":0},"end":{"line":77,"column":28}},"77":{"start":{"line":78,"column":0},"end":{"line":78,"column":109}},"78":{"start":{"line":79,"column":0},"end":{"line":79,"column":57}},"79":{"start":{"line":80,"column":0},"end":{"line":80,"column":47}},"80":{"start":{"line":81,"column":0},"end":{"line":81,"column":4}},"82":{"start":{"line":83,"column":0},"end":{"line":83,"column":41}},"83":{"start":{"line":84,"column":0},"end":{"line":84,"column":31}},"84":{"start":{"line":85,"column":0},"end":{"line":85,"column":26}},"85":{"start":{"line":86,"column":0},"end":{"line":86,"column":47}},"86":{"start":{"line":87,"column":0},"end":{"line":87,"column":35}},"87":{"start":{"line":88,"column":0},"end":{"line":88,"column":29}},"88":{"start":{"line":89,"column":0},"end":{"line":89,"column":7}},"89":{"start":{"line":90,"column":0},"end":{"line":90,"column":12}},"90":{"start":{"line":91,"column":0},"end":{"line":91,"column":36}},"91":{"start":{"line":92,"column":0},"end":{"line":92,"column":5}},"92":{"start":{"line":93,"column":0},"end":{"line":93,"column":4}},"94":{"start":{"line":95,"column":0},"end":{"line":95,"column":10}},"95":{"start":{"line":96,"column":0},"end":{"line":96,"column":35}},"96":{"start":{"line":97,"column":0},"end":{"line":97,"column":43}},"97":{"start":{"line":98,"column":0},"end":{"line":98,"column":38}},"98":{"start":{"line":99,"column":0},"end":{"line":99,"column":45}},"99":{"start":{"line":100,"column":0},"end":{"line":100,"column":71}},"100":{"start":{"line":101,"column":0},"end":{"line":101,"column":43}},"101":{"start":{"line":102,"column":0},"end":{"line":102,"column":20}},"102":{"start":{"line":103,"column":0},"end":{"line":103,"column":90}},"103":{"start":{"line":104,"column":0},"end":{"line":104,"column":30}},"104":{"start":{"line":105,"column":0},"end":{"line":105,"column":41}},"105":{"start":{"line":106,"column":0},"end":{"line":106,"column":15}},"107":{"start":{"line":108,"column":0},"end":{"line":108,"column":21}},"108":{"start":{"line":109,"column":0},"end":{"line":109,"column":20}},"109":{"start":{"line":110,"column":0},"end":{"line":110,"column":92}},"110":{"start":{"line":111,"column":0},"end":{"line":111,"column":32}},"111":{"start":{"line":112,"column":0},"end":{"line":112,"column":41}},"112":{"start":{"line":113,"column":0},"end":{"line":113,"column":15}},"114":{"start":{"line":115,"column":0},"end":{"line":115,"column":21}},"115":{"start":{"line":116,"column":0},"end":{"line":116,"column":18}},"116":{"start":{"line":117,"column":0},"end":{"line":117,"column":16}},"117":{"start":{"line":118,"column":0},"end":{"line":118,"column":38}},"118":{"start":{"line":119,"column":0},"end":{"line":119,"column":59}},"119":{"start":{"line":120,"column":0},"end":{"line":120,"column":16}},"120":{"start":{"line":121,"column":0},"end":{"line":121,"column":24}},"121":{"start":{"line":122,"column":0},"end":{"line":122,"column":32}},"122":{"start":{"line":123,"column":0},"end":{"line":123,"column":84}},"123":{"start":{"line":124,"column":0},"end":{"line":124,"column":36}},"124":{"start":{"line":125,"column":0},"end":{"line":125,"column":38}},"125":{"start":{"line":126,"column":0},"end":{"line":126,"column":17}},"127":{"start":{"line":128,"column":0},"end":{"line":128,"column":25}},"128":{"start":{"line":129,"column":0},"end":{"line":129,"column":24}},"129":{"start":{"line":130,"column":0},"end":{"line":130,"column":32}},"130":{"start":{"line":131,"column":0},"end":{"line":131,"column":80}},"131":{"start":{"line":132,"column":0},"end":{"line":132,"column":32}},"132":{"start":{"line":133,"column":0},"end":{"line":133,"column":38}},"133":{"start":{"line":134,"column":0},"end":{"line":134,"column":17}},"135":{"start":{"line":136,"column":0},"end":{"line":136,"column":25}},"136":{"start":{"line":137,"column":0},"end":{"line":137,"column":17}},"138":{"start":{"line":139,"column":0},"end":{"line":139,"column":16}},"139":{"start":{"line":140,"column":0},"end":{"line":140,"column":14}},"141":{"start":{"line":142,"column":0},"end":{"line":142,"column":59}},"142":{"start":{"line":143,"column":0},"end":{"line":143,"column":43}},"143":{"start":{"line":144,"column":0},"end":{"line":144,"column":39}},"144":{"start":{"line":145,"column":0},"end":{"line":145,"column":16}},"145":{"start":{"line":146,"column":0},"end":{"line":146,"column":44}},"146":{"start":{"line":147,"column":0},"end":{"line":147,"column":37}},"147":{"start":{"line":148,"column":0},"end":{"line":148,"column":155}},"148":{"start":{"line":149,"column":0},"end":{"line":149,"column":22}},"150":{"start":{"line":151,"column":0},"end":{"line":151,"column":42}},"151":{"start":{"line":152,"column":0},"end":{"line":152,"column":46}},"152":{"start":{"line":153,"column":0},"end":{"line":153,"column":48}},"153":{"start":{"line":154,"column":0},"end":{"line":154,"column":27}},"154":{"start":{"line":155,"column":0},"end":{"line":155,"column":46}},"155":{"start":{"line":156,"column":0},"end":{"line":156,"column":50}},"157":{"start":{"line":158,"column":0},"end":{"line":158,"column":66}},"158":{"start":{"line":159,"column":0},"end":{"line":159,"column":68}},"159":{"start":{"line":160,"column":0},"end":{"line":160,"column":67}},"160":{"start":{"line":161,"column":0},"end":{"line":161,"column":60}},"161":{"start":{"line":162,"column":0},"end":{"line":162,"column":60}},"162":{"start":{"line":163,"column":0},"end":{"line":163,"column":29}},"163":{"start":{"line":164,"column":0},"end":{"line":164,"column":24}},"164":{"start":{"line":165,"column":0},"end":{"line":165,"column":42}},"165":{"start":{"line":166,"column":0},"end":{"line":166,"column":48}},"166":{"start":{"line":167,"column":0},"end":{"line":167,"column":54}},"167":{"start":{"line":168,"column":0},"end":{"line":168,"column":105}},"168":{"start":{"line":169,"column":0},"end":{"line":169,"column":63}},"169":{"start":{"line":170,"column":0},"end":{"line":170,"column":93}},"170":{"start":{"line":171,"column":0},"end":{"line":171,"column":31}},"171":{"start":{"line":172,"column":0},"end":{"line":172,"column":26}},"173":{"start":{"line":174,"column":0},"end":{"line":174,"column":22}},"175":{"start":{"line":176,"column":0},"end":{"line":176,"column":29}},"176":{"start":{"line":177,"column":0},"end":{"line":177,"column":46}},"177":{"start":{"line":178,"column":0},"end":{"line":178,"column":48}},"178":{"start":{"line":179,"column":0},"end":{"line":179,"column":57}},"179":{"start":{"line":180,"column":0},"end":{"line":180,"column":28}},"180":{"start":{"line":181,"column":0},"end":{"line":181,"column":40}},"181":{"start":{"line":182,"column":0},"end":{"line":182,"column":32}},"182":{"start":{"line":183,"column":0},"end":{"line":183,"column":56}},"183":{"start":{"line":184,"column":0},"end":{"line":184,"column":48}},"184":{"start":{"line":185,"column":0},"end":{"line":185,"column":79}},"185":{"start":{"line":186,"column":0},"end":{"line":186,"column":24}},"186":{"start":{"line":187,"column":0},"end":{"line":187,"column":29}},"187":{"start":{"line":188,"column":0},"end":{"line":188,"column":37}},"188":{"start":{"line":189,"column":0},"end":{"line":189,"column":56}},"189":{"start":{"line":190,"column":0},"end":{"line":190,"column":46}},"190":{"start":{"line":191,"column":0},"end":{"line":191,"column":47}},"191":{"start":{"line":192,"column":0},"end":{"line":192,"column":23}},"193":{"start":{"line":194,"column":0},"end":{"line":194,"column":31}},"194":{"start":{"line":195,"column":0},"end":{"line":195,"column":26}},"195":{"start":{"line":196,"column":0},"end":{"line":196,"column":78}},"196":{"start":{"line":197,"column":0},"end":{"line":197,"column":74}},"197":{"start":{"line":198,"column":0},"end":{"line":198,"column":26}},"198":{"start":{"line":199,"column":0},"end":{"line":199,"column":24}},"200":{"start":{"line":201,"column":0},"end":{"line":201,"column":44}},"201":{"start":{"line":202,"column":0},"end":{"line":202,"column":55}},"202":{"start":{"line":203,"column":0},"end":{"line":203,"column":41}},"203":{"start":{"line":204,"column":0},"end":{"line":204,"column":123}},"204":{"start":{"line":205,"column":0},"end":{"line":205,"column":26}},"205":{"start":{"line":206,"column":0},"end":{"line":206,"column":55}},"206":{"start":{"line":207,"column":0},"end":{"line":207,"column":41}},"207":{"start":{"line":208,"column":0},"end":{"line":208,"column":113}},"208":{"start":{"line":209,"column":0},"end":{"line":209,"column":26}},"209":{"start":{"line":210,"column":0},"end":{"line":210,"column":24}},"212":{"start":{"line":213,"column":0},"end":{"line":213,"column":31}},"213":{"start":{"line":214,"column":0},"end":{"line":214,"column":46}},"214":{"start":{"line":215,"column":0},"end":{"line":215,"column":86}},"215":{"start":{"line":216,"column":0},"end":{"line":216,"column":26}},"216":{"start":{"line":217,"column":0},"end":{"line":217,"column":35}},"217":{"start":{"line":218,"column":0},"end":{"line":218,"column":45}},"218":{"start":{"line":219,"column":0},"end":{"line":219,"column":46}},"219":{"start":{"line":220,"column":0},"end":{"line":220,"column":70}},"220":{"start":{"line":221,"column":0},"end":{"line":221,"column":41}},"221":{"start":{"line":222,"column":0},"end":{"line":222,"column":22}},"222":{"start":{"line":223,"column":0},"end":{"line":223,"column":24}},"225":{"start":{"line":226,"column":0},"end":{"line":226,"column":31}},"226":{"start":{"line":227,"column":0},"end":{"line":227,"column":44}},"227":{"start":{"line":228,"column":0},"end":{"line":228,"column":48}},"228":{"start":{"line":229,"column":0},"end":{"line":229,"column":45}},"229":{"start":{"line":230,"column":0},"end":{"line":230,"column":99}},"230":{"start":{"line":231,"column":0},"end":{"line":231,"column":26}},"231":{"start":{"line":232,"column":0},"end":{"line":232,"column":48}},"232":{"start":{"line":233,"column":0},"end":{"line":233,"column":45}},"233":{"start":{"line":234,"column":0},"end":{"line":234,"column":114}},"234":{"start":{"line":235,"column":0},"end":{"line":235,"column":26}},"235":{"start":{"line":236,"column":0},"end":{"line":236,"column":24}},"237":{"start":{"line":238,"column":0},"end":{"line":238,"column":17}},"239":{"start":{"line":240,"column":0},"end":{"line":240,"column":16}},"240":{"start":{"line":241,"column":0},"end":{"line":241,"column":50}},"241":{"start":{"line":242,"column":0},"end":{"line":242,"column":57}},"242":{"start":{"line":243,"column":0},"end":{"line":243,"column":118}},"244":{"start":{"line":245,"column":0},"end":{"line":245,"column":26}},"245":{"start":{"line":246,"column":0},"end":{"line":246,"column":50}},"247":{"start":{"line":248,"column":0},"end":{"line":248,"column":24}},"248":{"start":{"line":249,"column":0},"end":{"line":249,"column":22}},"250":{"start":{"line":251,"column":0},"end":{"line":251,"column":41}},"251":{"start":{"line":252,"column":0},"end":{"line":252,"column":54}},"252":{"start":{"line":253,"column":0},"end":{"line":253,"column":48}},"253":{"start":{"line":254,"column":0},"end":{"line":254,"column":61}},"254":{"start":{"line":255,"column":0},"end":{"line":255,"column":59}},"255":{"start":{"line":256,"column":0},"end":{"line":256,"column":30}},"256":{"start":{"line":257,"column":0},"end":{"line":257,"column":45}},"257":{"start":{"line":258,"column":0},"end":{"line":258,"column":61}},"258":{"start":{"line":259,"column":0},"end":{"line":259,"column":50}},"259":{"start":{"line":260,"column":0},"end":{"line":260,"column":64}},"260":{"start":{"line":261,"column":0},"end":{"line":261,"column":26}},"261":{"start":{"line":262,"column":0},"end":{"line":262,"column":31}},"262":{"start":{"line":263,"column":0},"end":{"line":263,"column":39}},"263":{"start":{"line":264,"column":0},"end":{"line":264,"column":58}},"264":{"start":{"line":265,"column":0},"end":{"line":265,"column":51}},"265":{"start":{"line":266,"column":0},"end":{"line":266,"column":49}},"266":{"start":{"line":267,"column":0},"end":{"line":267,"column":25}},"268":{"start":{"line":269,"column":0},"end":{"line":269,"column":33}},"269":{"start":{"line":270,"column":0},"end":{"line":270,"column":28}},"270":{"start":{"line":271,"column":0},"end":{"line":271,"column":26}},"272":{"start":{"line":273,"column":0},"end":{"line":273,"column":48}},"273":{"start":{"line":274,"column":0},"end":{"line":274,"column":55}},"274":{"start":{"line":275,"column":0},"end":{"line":275,"column":59}},"275":{"start":{"line":276,"column":0},"end":{"line":276,"column":30}},"276":{"start":{"line":277,"column":0},"end":{"line":277,"column":49}},"277":{"start":{"line":278,"column":0},"end":{"line":278,"column":65}},"278":{"start":{"line":279,"column":0},"end":{"line":279,"column":50}},"279":{"start":{"line":280,"column":0},"end":{"line":280,"column":68}},"280":{"start":{"line":281,"column":0},"end":{"line":281,"column":26}},"281":{"start":{"line":282,"column":0},"end":{"line":282,"column":31}},"282":{"start":{"line":283,"column":0},"end":{"line":283,"column":39}},"283":{"start":{"line":284,"column":0},"end":{"line":284,"column":58}},"284":{"start":{"line":285,"column":0},"end":{"line":285,"column":55}},"285":{"start":{"line":286,"column":0},"end":{"line":286,"column":49}},"286":{"start":{"line":287,"column":0},"end":{"line":287,"column":25}},"288":{"start":{"line":289,"column":0},"end":{"line":289,"column":33}},"289":{"start":{"line":290,"column":0},"end":{"line":290,"column":28}},"290":{"start":{"line":291,"column":0},"end":{"line":291,"column":26}},"292":{"start":{"line":293,"column":0},"end":{"line":293,"column":48}},"293":{"start":{"line":294,"column":0},"end":{"line":294,"column":47}},"294":{"start":{"line":295,"column":0},"end":{"line":295,"column":59}},"295":{"start":{"line":296,"column":0},"end":{"line":296,"column":30}},"296":{"start":{"line":297,"column":0},"end":{"line":297,"column":48}},"297":{"start":{"line":298,"column":0},"end":{"line":298,"column":64}},"298":{"start":{"line":299,"column":0},"end":{"line":299,"column":50}},"299":{"start":{"line":300,"column":0},"end":{"line":300,"column":68}},"300":{"start":{"line":301,"column":0},"end":{"line":301,"column":26}},"301":{"start":{"line":302,"column":0},"end":{"line":302,"column":31}},"302":{"start":{"line":303,"column":0},"end":{"line":303,"column":39}},"303":{"start":{"line":304,"column":0},"end":{"line":304,"column":58}},"304":{"start":{"line":305,"column":0},"end":{"line":305,"column":54}},"305":{"start":{"line":306,"column":0},"end":{"line":306,"column":49}},"306":{"start":{"line":307,"column":0},"end":{"line":307,"column":25}},"308":{"start":{"line":309,"column":0},"end":{"line":309,"column":33}},"309":{"start":{"line":310,"column":0},"end":{"line":310,"column":28}},"310":{"start":{"line":311,"column":0},"end":{"line":311,"column":26}},"311":{"start":{"line":312,"column":0},"end":{"line":312,"column":24}},"313":{"start":{"line":314,"column":0},"end":{"line":314,"column":17}},"316":{"start":{"line":317,"column":0},"end":{"line":317,"column":14}},"318":{"start":{"line":319,"column":0},"end":{"line":319,"column":42}},"319":{"start":{"line":320,"column":0},"end":{"line":320,"column":46}},"320":{"start":{"line":321,"column":0},"end":{"line":321,"column":156}},"321":{"start":{"line":322,"column":0},"end":{"line":322,"column":20}},"323":{"start":{"line":324,"column":0},"end":{"line":324,"column":42}},"324":{"start":{"line":325,"column":0},"end":{"line":325,"column":44}},"325":{"start":{"line":326,"column":0},"end":{"line":326,"column":23}},"326":{"start":{"line":327,"column":0},"end":{"line":327,"column":42}},"327":{"start":{"line":328,"column":0},"end":{"line":328,"column":48}},"329":{"start":{"line":330,"column":0},"end":{"line":330,"column":54}},"330":{"start":{"line":331,"column":0},"end":{"line":331,"column":58}},"331":{"start":{"line":332,"column":0},"end":{"line":332,"column":62}},"332":{"start":{"line":333,"column":0},"end":{"line":333,"column":70}},"333":{"start":{"line":334,"column":0},"end":{"line":334,"column":64}},"334":{"start":{"line":335,"column":0},"end":{"line":335,"column":25}},"335":{"start":{"line":336,"column":0},"end":{"line":336,"column":20}},"337":{"start":{"line":338,"column":0},"end":{"line":338,"column":40}},"338":{"start":{"line":339,"column":0},"end":{"line":339,"column":51}},"339":{"start":{"line":340,"column":0},"end":{"line":340,"column":37}},"340":{"start":{"line":341,"column":0},"end":{"line":341,"column":119}},"341":{"start":{"line":342,"column":0},"end":{"line":342,"column":22}},"342":{"start":{"line":343,"column":0},"end":{"line":343,"column":51}},"343":{"start":{"line":344,"column":0},"end":{"line":344,"column":37}},"344":{"start":{"line":345,"column":0},"end":{"line":345,"column":108}},"345":{"start":{"line":346,"column":0},"end":{"line":346,"column":22}},"346":{"start":{"line":347,"column":0},"end":{"line":347,"column":20}},"348":{"start":{"line":349,"column":0},"end":{"line":349,"column":48}},"349":{"start":{"line":350,"column":0},"end":{"line":350,"column":44}},"350":{"start":{"line":351,"column":0},"end":{"line":351,"column":25}},"351":{"start":{"line":352,"column":0},"end":{"line":352,"column":77}},"352":{"start":{"line":353,"column":0},"end":{"line":353,"column":80}},"353":{"start":{"line":354,"column":0},"end":{"line":354,"column":43}},"354":{"start":{"line":355,"column":0},"end":{"line":355,"column":26}},"355":{"start":{"line":356,"column":0},"end":{"line":356,"column":24}},"356":{"start":{"line":357,"column":0},"end":{"line":357,"column":33}},"357":{"start":{"line":358,"column":0},"end":{"line":358,"column":49}},"358":{"start":{"line":359,"column":0},"end":{"line":359,"column":44}},"359":{"start":{"line":360,"column":0},"end":{"line":360,"column":33}},"360":{"start":{"line":361,"column":0},"end":{"line":361,"column":62}},"361":{"start":{"line":362,"column":0},"end":{"line":362,"column":71}},"362":{"start":{"line":363,"column":0},"end":{"line":363,"column":34}},"364":{"start":{"line":365,"column":0},"end":{"line":365,"column":20}},"365":{"start":{"line":366,"column":0},"end":{"line":366,"column":22}},"368":{"start":{"line":369,"column":0},"end":{"line":369,"column":40}},"369":{"start":{"line":370,"column":0},"end":{"line":370,"column":44}},"370":{"start":{"line":371,"column":0},"end":{"line":371,"column":52}},"371":{"start":{"line":372,"column":0},"end":{"line":372,"column":108}},"372":{"start":{"line":373,"column":0},"end":{"line":373,"column":22}},"373":{"start":{"line":374,"column":0},"end":{"line":374,"column":44}},"374":{"start":{"line":375,"column":0},"end":{"line":375,"column":52}},"375":{"start":{"line":376,"column":0},"end":{"line":376,"column":110}},"376":{"start":{"line":377,"column":0},"end":{"line":377,"column":22}},"377":{"start":{"line":378,"column":0},"end":{"line":378,"column":20}},"379":{"start":{"line":380,"column":0},"end":{"line":380,"column":48}},"380":{"start":{"line":381,"column":0},"end":{"line":381,"column":50}},"381":{"start":{"line":382,"column":0},"end":{"line":382,"column":57}},"382":{"start":{"line":383,"column":0},"end":{"line":383,"column":118}},"384":{"start":{"line":385,"column":0},"end":{"line":385,"column":26}},"385":{"start":{"line":386,"column":0},"end":{"line":386,"column":50}},"387":{"start":{"line":388,"column":0},"end":{"line":388,"column":24}},"388":{"start":{"line":389,"column":0},"end":{"line":389,"column":22}},"390":{"start":{"line":391,"column":0},"end":{"line":391,"column":15}},"393":{"start":{"line":394,"column":0},"end":{"line":394,"column":40}},"394":{"start":{"line":395,"column":0},"end":{"line":395,"column":89}},"395":{"start":{"line":396,"column":0},"end":{"line":396,"column":105}},"396":{"start":{"line":397,"column":0},"end":{"line":397,"column":47}},"397":{"start":{"line":398,"column":0},"end":{"line":398,"column":16}},"398":{"start":{"line":399,"column":0},"end":{"line":399,"column":15}},"399":{"start":{"line":400,"column":0},"end":{"line":400,"column":12}},"400":{"start":{"line":401,"column":0},"end":{"line":401,"column":10}},"402":{"start":{"line":403,"column":0},"end":{"line":403,"column":1}}},"s":{"0":1,"2":1,"4":1,"5":17,"6":17,"7":17,"8":17,"9":17,"12":17,"13":11,"14":0,"15":0,"16":0,"17":0,"18":0,"19":0,"20":17,"22":17,"23":11,"24":17,"26":17,"28":17,"29":17,"30":17,"32":17,"33":2,"34":2,"35":2,"37":17,"38":1,"39":1,"40":1,"41":1,"43":17,"44":1,"45":1,"46":1,"47":1,"49":17,"50":1,"51":1,"52":1,"53":1,"54":1,"55":1,"56":1,"57":1,"59":17,"60":2,"61":2,"62":2,"63":1,"64":1,"65":1,"66":1,"67":1,"68":1,"70":1,"71":1,"72":2,"74":17,"75":4,"76":4,"77":4,"78":4,"79":4,"80":4,"82":17,"83":1,"84":1,"85":1,"86":1,"87":1,"88":1,"89":1,"90":0,"91":0,"92":1,"94":17,"95":17,"96":17,"97":17,"98":17,"99":17,"100":17,"101":17,"102":17,"103":17,"104":17,"105":17,"107":17,"108":17,"109":17,"110":17,"111":17,"112":17,"114":17,"115":17,"116":17,"117":17,"118":17,"119":7,"120":7,"121":7,"122":7,"123":7,"124":7,"125":7,"127":7,"128":7,"129":7,"130":7,"131":7,"132":7,"133":7,"135":7,"136":7,"138":17,"139":17,"141":17,"142":17,"143":12,"144":10,"145":10,"146":10,"147":10,"148":10,"150":10,"151":10,"152":10,"153":10,"154":10,"155":10,"157":10,"158":10,"159":10,"160":10,"161":10,"162":10,"163":10,"164":10,"165":4,"166":4,"167":4,"168":4,"169":4,"170":4,"171":4,"173":10,"175":10,"176":5,"177":5,"178":5,"179":5,"180":5,"181":5,"182":5,"183":5,"184":5,"185":5,"186":5,"187":5,"188":5,"189":5,"190":5,"191":5,"193":5,"194":5,"195":5,"196":5,"197":5,"198":5,"200":5,"201":5,"202":5,"203":5,"204":5,"205":5,"206":5,"207":5,"208":5,"209":5,"212":10,"213":5,"214":5,"215":5,"216":5,"217":5,"218":5,"219":5,"220":5,"221":5,"222":5,"225":10,"226":5,"227":5,"228":5,"229":5,"230":5,"231":5,"232":5,"233":5,"234":5,"235":5,"237":10,"239":2,"240":2,"241":2,"242":2,"244":2,"245":2,"247":2,"248":2,"250":2,"251":1,"252":1,"253":1,"254":1,"255":1,"256":1,"257":1,"258":1,"259":1,"260":1,"261":1,"262":1,"263":1,"264":1,"265":1,"266":1,"268":1,"269":1,"270":1,"272":1,"273":1,"274":1,"275":1,"276":1,"277":1,"278":1,"279":1,"280":1,"281":1,"282":1,"283":1,"284":1,"285":1,"286":1,"288":1,"289":1,"290":1,"292":1,"293":1,"294":1,"295":1,"296":1,"297":1,"298":1,"299":1,"300":1,"301":1,"302":1,"303":1,"304":1,"305":1,"306":1,"308":1,"309":1,"310":1,"311":1,"313":2,"316":5,"318":5,"319":5,"320":5,"321":5,"323":5,"324":5,"325":5,"326":5,"327":5,"329":5,"330":5,"331":5,"332":5,"333":5,"334":5,"335":5,"337":5,"338":5,"339":5,"340":5,"341":5,"342":5,"343":5,"344":5,"345":5,"346":5,"348":5,"349":3,"350":3,"351":3,"352":2,"353":1,"354":3,"355":3,"356":3,"357":3,"358":3,"359":3,"360":3,"361":2,"362":1,"364":3,"365":3,"368":5,"369":5,"370":5,"371":5,"372":5,"373":5,"374":5,"375":5,"376":5,"377":5,"379":5,"380":2,"381":2,"382":2,"384":2,"385":2,"387":2,"388":2,"390":5,"393":17,"394":17,"395":17,"396":17,"397":17,"398":17,"399":17,"400":17,"402":17},"branchMap":{"0":{"type":"branch","line":5,"loc":{"start":{"line":5,"column":7},"end":{"line":403,"column":1}},"locations":[{"start":{"line":5,"column":7},"end":{"line":403,"column":1}}]},"1":{"type":"branch","line":27,"loc":{"start":{"line":27,"column":13},"end":{"line":27,"column":25}},"locations":[{"start":{"line":27,"column":13},"end":{"line":27,"column":25}}]},"2":{"type":"branch","line":100,"loc":{"start":{"line":100,"column":17},"end":{"line":100,"column":49}},"locations":[{"start":{"line":100,"column":17},"end":{"line":100,"column":49}}]},"3":{"type":"branch","line":103,"loc":{"start":{"line":103,"column":66},"end":{"line":103,"column":85}},"locations":[{"start":{"line":103,"column":66},"end":{"line":103,"column":85}}]},"4":{"type":"branch","line":103,"loc":{"start":{"line":103,"column":74},"end":{"line":103,"column":87}},"locations":[{"start":{"line":103,"column":74},"end":{"line":103,"column":87}}]},"5":{"type":"branch","line":110,"loc":{"start":{"line":110,"column":66},"end":{"line":110,"column":87}},"locations":[{"start":{"line":110,"column":66},"end":{"line":110,"column":87}}]},"6":{"type":"branch","line":110,"loc":{"start":{"line":110,"column":76},"end":{"line":110,"column":89}},"locations":[{"start":{"line":110,"column":76},"end":{"line":110,"column":89}}]},"7":{"type":"branch","line":119,"loc":{"start":{"line":119,"column":36},"end":{"line":119,"column":59}},"locations":[{"start":{"line":119,"column":36},"end":{"line":119,"column":59}}]},"8":{"type":"branch","line":119,"loc":{"start":{"line":119,"column":46},"end":{"line":137,"column":17}},"locations":[{"start":{"line":119,"column":46},"end":{"line":137,"column":17}}]},"9":{"type":"branch","line":123,"loc":{"start":{"line":123,"column":56},"end":{"line":123,"column":79}},"locations":[{"start":{"line":123,"column":56},"end":{"line":123,"column":79}}]},"10":{"type":"branch","line":123,"loc":{"start":{"line":123,"column":68},"end":{"line":123,"column":81}},"locations":[{"start":{"line":123,"column":68},"end":{"line":123,"column":81}}]},"11":{"type":"branch","line":131,"loc":{"start":{"line":131,"column":56},"end":{"line":131,"column":75}},"locations":[{"start":{"line":131,"column":56},"end":{"line":131,"column":75}}]},"12":{"type":"branch","line":131,"loc":{"start":{"line":131,"column":64},"end":{"line":131,"column":77}},"locations":[{"start":{"line":131,"column":64},"end":{"line":131,"column":77}}]},"13":{"type":"branch","line":143,"loc":{"start":{"line":143,"column":34},"end":{"line":314,"column":17}},"locations":[{"start":{"line":143,"column":34},"end":{"line":314,"column":17}}]},"14":{"type":"branch","line":144,"loc":{"start":{"line":144,"column":26},"end":{"line":238,"column":17}},"locations":[{"start":{"line":144,"column":26},"end":{"line":238,"column":17}}]},"15":{"type":"branch","line":165,"loc":{"start":{"line":165,"column":36},"end":{"line":172,"column":26}},"locations":[{"start":{"line":165,"column":36},"end":{"line":172,"column":26}}]},"16":{"type":"branch","line":168,"loc":{"start":{"line":168,"column":63},"end":{"line":168,"column":80}},"locations":[{"start":{"line":168,"column":63},"end":{"line":168,"column":80}}]},"17":{"type":"branch","line":176,"loc":{"start":{"line":176,"column":17},"end":{"line":199,"column":24}},"locations":[{"start":{"line":176,"column":17},"end":{"line":199,"column":24}}]},"18":{"type":"branch","line":183,"loc":{"start":{"line":183,"column":40},"end":{"line":183,"column":56}},"locations":[{"start":{"line":183,"column":40},"end":{"line":183,"column":56}}]},"19":{"type":"branch","line":199,"loc":{"start":{"line":199,"column":18},"end":{"line":210,"column":24}},"locations":[{"start":{"line":199,"column":18},"end":{"line":210,"column":24}}]},"20":{"type":"branch","line":213,"loc":{"start":{"line":213,"column":18},"end":{"line":223,"column":24}},"locations":[{"start":{"line":213,"column":18},"end":{"line":223,"column":24}}]},"21":{"type":"branch","line":215,"loc":{"start":{"line":215,"column":28},"end":{"line":215,"column":56}},"locations":[{"start":{"line":215,"column":28},"end":{"line":215,"column":56}}]},"22":{"type":"branch","line":215,"loc":{"start":{"line":215,"column":39},"end":{"line":215,"column":78}},"locations":[{"start":{"line":215,"column":39},"end":{"line":215,"column":78}}]},"23":{"type":"branch","line":220,"loc":{"start":{"line":220,"column":35},"end":{"line":220,"column":59}},"locations":[{"start":{"line":220,"column":35},"end":{"line":220,"column":59}}]},"24":{"type":"branch","line":220,"loc":{"start":{"line":220,"column":46},"end":{"line":220,"column":70}},"locations":[{"start":{"line":220,"column":46},"end":{"line":220,"column":70}}]},"25":{"type":"branch","line":226,"loc":{"start":{"line":226,"column":18},"end":{"line":236,"column":24}},"locations":[{"start":{"line":226,"column":18},"end":{"line":236,"column":24}}]},"26":{"type":"branch","line":238,"loc":{"start":{"line":238,"column":14},"end":{"line":314,"column":17}},"locations":[{"start":{"line":238,"column":14},"end":{"line":314,"column":17}}]},"27":{"type":"branch","line":251,"loc":{"start":{"line":251,"column":26},"end":{"line":312,"column":24}},"locations":[{"start":{"line":251,"column":26},"end":{"line":312,"column":24}}]},"28":{"type":"branch","line":314,"loc":{"start":{"line":314,"column":14},"end":{"line":391,"column":15}},"locations":[{"start":{"line":314,"column":14},"end":{"line":391,"column":15}}]},"29":{"type":"branch","line":345,"loc":{"start":{"line":345,"column":67},"end":{"line":345,"column":81}},"locations":[{"start":{"line":345,"column":67},"end":{"line":345,"column":81}}]},"30":{"type":"branch","line":349,"loc":{"start":{"line":349,"column":36},"end":{"line":366,"column":22}},"locations":[{"start":{"line":349,"column":36},"end":{"line":366,"column":22}}]},"31":{"type":"branch","line":352,"loc":{"start":{"line":352,"column":42},"end":{"line":352,"column":77}},"locations":[{"start":{"line":352,"column":42},"end":{"line":352,"column":77}}]},"32":{"type":"branch","line":352,"loc":{"start":{"line":352,"column":54},"end":{"line":354,"column":43}},"locations":[{"start":{"line":352,"column":54},"end":{"line":354,"column":43}}]},"33":{"type":"branch","line":353,"loc":{"start":{"line":353,"column":43},"end":{"line":353,"column":80}},"locations":[{"start":{"line":353,"column":43},"end":{"line":353,"column":80}}]},"34":{"type":"branch","line":353,"loc":{"start":{"line":353,"column":57},"end":{"line":354,"column":43}},"locations":[{"start":{"line":353,"column":57},"end":{"line":354,"column":43}}]},"35":{"type":"branch","line":361,"loc":{"start":{"line":361,"column":43},"end":{"line":361,"column":62}},"locations":[{"start":{"line":361,"column":43},"end":{"line":361,"column":62}}]},"36":{"type":"branch","line":361,"loc":{"start":{"line":361,"column":55},"end":{"line":363,"column":34}},"locations":[{"start":{"line":361,"column":55},"end":{"line":363,"column":34}}]},"37":{"type":"branch","line":362,"loc":{"start":{"line":362,"column":45},"end":{"line":362,"column":71}},"locations":[{"start":{"line":362,"column":45},"end":{"line":362,"column":71}}]},"38":{"type":"branch","line":362,"loc":{"start":{"line":362,"column":59},"end":{"line":363,"column":34}},"locations":[{"start":{"line":362,"column":59},"end":{"line":363,"column":34}}]},"39":{"type":"branch","line":380,"loc":{"start":{"line":380,"column":36},"end":{"line":389,"column":22}},"locations":[{"start":{"line":380,"column":36},"end":{"line":389,"column":22}}]},"40":{"type":"branch","line":13,"loc":{"start":{"line":13,"column":18},"end":{"line":21,"column":5}},"locations":[{"start":{"line":13,"column":18},"end":{"line":21,"column":5}}]},"41":{"type":"branch","line":14,"loc":{"start":{"line":14,"column":27},"end":{"line":20,"column":5}},"locations":[{"start":{"line":14,"column":27},"end":{"line":20,"column":5}}]},"42":{"type":"branch","line":23,"loc":{"start":{"line":23,"column":18},"end":{"line":25,"column":5}},"locations":[{"start":{"line":23,"column":18},"end":{"line":25,"column":5}}]},"43":{"type":"branch","line":24,"loc":{"start":{"line":24,"column":39},"end":{"line":24,"column":63}},"locations":[{"start":{"line":24,"column":39},"end":{"line":24,"column":63}}]},"44":{"type":"branch","line":29,"loc":{"start":{"line":29,"column":17},"end":{"line":29,"column":86}},"locations":[{"start":{"line":29,"column":17},"end":{"line":29,"column":86}}]},"45":{"type":"branch","line":29,"loc":{"start":{"line":29,"column":47},"end":{"line":29,"column":84}},"locations":[{"start":{"line":29,"column":47},"end":{"line":29,"column":84}}]},"46":{"type":"branch","line":33,"loc":{"start":{"line":33,"column":24},"end":{"line":36,"column":4}},"locations":[{"start":{"line":33,"column":24},"end":{"line":36,"column":4}}]},"47":{"type":"branch","line":35,"loc":{"start":{"line":35,"column":26},"end":{"line":35,"column":49}},"locations":[{"start":{"line":35,"column":26},"end":{"line":35,"column":49}}]},"48":{"type":"branch","line":35,"loc":{"start":{"line":35,"column":39},"end":{"line":35,"column":54}},"locations":[{"start":{"line":35,"column":39},"end":{"line":35,"column":54}}]},"49":{"type":"branch","line":38,"loc":{"start":{"line":38,"column":26},"end":{"line":42,"column":4}},"locations":[{"start":{"line":38,"column":26},"end":{"line":42,"column":4}}]},"50":{"type":"branch","line":40,"loc":{"start":{"line":40,"column":14},"end":{"line":40,"column":21}},"locations":[{"start":{"line":40,"column":14},"end":{"line":40,"column":21}}]},"51":{"type":"branch","line":44,"loc":{"start":{"line":44,"column":21},"end":{"line":48,"column":4}},"locations":[{"start":{"line":44,"column":21},"end":{"line":48,"column":4}}]},"52":{"type":"branch","line":46,"loc":{"start":{"line":46,"column":14},"end":{"line":46,"column":21}},"locations":[{"start":{"line":46,"column":14},"end":{"line":46,"column":21}}]},"53":{"type":"branch","line":50,"loc":{"start":{"line":50,"column":24},"end":{"line":58,"column":4}},"locations":[{"start":{"line":50,"column":24},"end":{"line":58,"column":4}}]},"54":{"type":"branch","line":52,"loc":{"start":{"line":52,"column":16},"end":{"line":52,"column":23}},"locations":[{"start":{"line":52,"column":16},"end":{"line":52,"column":23}}]},"55":{"type":"branch","line":60,"loc":{"start":{"line":60,"column":28},"end":{"line":73,"column":4}},"locations":[{"start":{"line":60,"column":28},"end":{"line":73,"column":4}}]},"56":{"type":"branch","line":63,"loc":{"start":{"line":63,"column":27},"end":{"line":72,"column":5}},"locations":[{"start":{"line":63,"column":27},"end":{"line":72,"column":5}}]},"57":{"type":"branch","line":69,"loc":{"start":{"line":69,"column":25},"end":{"line":69,"column":54}},"locations":[{"start":{"line":69,"column":25},"end":{"line":69,"column":54}}]},"58":{"type":"branch","line":71,"loc":{"start":{"line":71,"column":30},"end":{"line":71,"column":48}},"locations":[{"start":{"line":71,"column":30},"end":{"line":71,"column":48}}]},"59":{"type":"branch","line":71,"loc":{"start":{"line":71,"column":57},"end":{"line":71,"column":79}},"locations":[{"start":{"line":71,"column":57},"end":{"line":71,"column":79}}]},"60":{"type":"branch","line":71,"loc":{"start":{"line":71,"column":99},"end":{"line":71,"column":112}},"locations":[{"start":{"line":71,"column":99},"end":{"line":71,"column":112}}]},"61":{"type":"branch","line":75,"loc":{"start":{"line":75,"column":30},"end":{"line":81,"column":4}},"locations":[{"start":{"line":75,"column":30},"end":{"line":81,"column":4}}]},"62":{"type":"branch","line":79,"loc":{"start":{"line":79,"column":32},"end":{"line":79,"column":54}},"locations":[{"start":{"line":79,"column":32},"end":{"line":79,"column":54}}]},"63":{"type":"branch","line":79,"loc":{"start":{"line":79,"column":46},"end":{"line":79,"column":55}},"locations":[{"start":{"line":79,"column":46},"end":{"line":79,"column":55}}]},"64":{"type":"branch","line":80,"loc":{"start":{"line":80,"column":26},"end":{"line":80,"column":47}},"locations":[{"start":{"line":80,"column":26},"end":{"line":80,"column":47}}]},"65":{"type":"branch","line":83,"loc":{"start":{"line":83,"column":31},"end":{"line":93,"column":4}},"locations":[{"start":{"line":83,"column":31},"end":{"line":93,"column":4}}]},"66":{"type":"branch","line":90,"loc":{"start":{"line":90,"column":4},"end":{"line":92,"column":5}},"locations":[{"start":{"line":90,"column":4},"end":{"line":92,"column":5}}]},"67":{"type":"branch","line":170,"loc":{"start":{"line":170,"column":37},"end":{"line":170,"column":91}},"locations":[{"start":{"line":170,"column":37},"end":{"line":170,"column":91}}]}},"b":{"0":[17],"1":[0],"2":[0],"3":[12],"4":[5],"5":[5],"6":[12],"7":[12],"8":[7],"9":[5],"10":[2],"11":[2],"12":[5],"13":[12],"14":[10],"15":[4],"16":[1],"17":[5],"18":[4],"19":[5],"20":[5],"21":[2],"22":[3],"23":[2],"24":[3],"25":[5],"26":[2],"27":[1],"28":[5],"29":[0],"30":[3],"31":[1],"32":[2],"33":[1],"34":[1],"35":[1],"36":[2],"37":[1],"38":[1],"39":[2],"40":[11],"41":[0],"42":[11],"43":[2],"44":[22],"45":[22],"46":[2],"47":[1],"48":[1],"49":[1],"50":[0],"51":[1],"52":[0],"53":[1],"54":[0],"55":[2],"56":[1],"57":[0],"58":[0],"59":[0],"60":[0],"61":[4],"62":[0],"63":[0],"64":[1],"65":[1],"66":[0],"67":[4]},"fnMap":{"0":{"name":"ConnectionModal","decl":{"start":{"line":5,"column":7},"end":{"line":403,"column":1}},"loc":{"start":{"line":5,"column":7},"end":{"line":403,"column":1}},"line":5},"1":{"name":"update","decl":{"start":{"line":29,"column":17},"end":{"line":29,"column":86}},"loc":{"start":{"line":29,"column":17},"end":{"line":29,"column":86}},"line":29},"2":{"name":"onFieldChange","decl":{"start":{"line":33,"column":24},"end":{"line":36,"column":4}},"loc":{"start":{"line":33,"column":24},"end":{"line":36,"column":4}},"line":33},"3":{"name":"onCategoryClick","decl":{"start":{"line":38,"column":26},"end":{"line":42,"column":4}},"loc":{"start":{"line":38,"column":26},"end":{"line":42,"column":4}},"line":38},"4":{"name":"onTabClick","decl":{"start":{"line":44,"column":21},"end":{"line":48,"column":4}},"loc":{"start":{"line":44,"column":21},"end":{"line":48,"column":4}},"line":44},"5":{"name":"onBrowseClick","decl":{"start":{"line":50,"column":24},"end":{"line":58,"column":4}},"loc":{"start":{"line":50,"column":24},"end":{"line":58,"column":4}},"line":50},"6":{"name":"onSqlDbTypeChange","decl":{"start":{"line":60,"column":28},"end":{"line":73,"column":4}},"loc":{"start":{"line":60,"column":28},"end":{"line":73,"column":4}},"line":60},"7":{"name":"onNoSqlDbTypeChange","decl":{"start":{"line":75,"column":30},"end":{"line":81,"column":4}},"loc":{"start":{"line":75,"column":30},"end":{"line":81,"column":4}},"line":75},"8":{"name":"handleCategoryChange","decl":{"start":{"line":83,"column":31},"end":{"line":93,"column":4}},"loc":{"start":{"line":83,"column":31},"end":{"line":93,"column":4}},"line":83}},"f":{"0":17,"1":22,"2":2,"3":1,"4":1,"5":1,"6":2,"7":4,"8":1}}
,"/Users/alphachristian/Projects/Darube/src/components/ScriptAutocomplete.jsx": {"path":"/Users/alphachristian/Projects/Darube/src/components/ScriptAutocomplete.jsx","all":false,"statementMap":{"0":{"start":{"line":1,"column":0},"end":{"line":1,"column":65}},"8":{"start":{"line":9,"column":0},"end":{"line":9,"column":21}},"9":{"start":{"line":10,"column":0},"end":{"line":10,"column":111}},"11":{"start":{"line":12,"column":0},"end":{"line":12,"column":90}},"12":{"start":{"line":13,"column":0},"end":{"line":13,"column":102}},"13":{"start":{"line":14,"column":0},"end":{"line":14,"column":102}},"14":{"start":{"line":15,"column":0},"end":{"line":15,"column":99}},"15":{"start":{"line":16,"column":0},"end":{"line":16,"column":111}},"17":{"start":{"line":18,"column":0},"end":{"line":18,"column":113}},"18":{"start":{"line":19,"column":0},"end":{"line":19,"column":108}},"19":{"start":{"line":20,"column":0},"end":{"line":20,"column":107}},"20":{"start":{"line":21,"column":0},"end":{"line":21,"column":110}},"22":{"start":{"line":23,"column":0},"end":{"line":23,"column":99}},"23":{"start":{"line":24,"column":0},"end":{"line":24,"column":89}},"24":{"start":{"line":25,"column":0},"end":{"line":25,"column":89}},"26":{"start":{"line":27,"column":0},"end":{"line":27,"column":87}},"27":{"start":{"line":28,"column":0},"end":{"line":28,"column":129}},"28":{"start":{"line":29,"column":0},"end":{"line":29,"column":2}},"30":{"start":{"line":31,"column":0},"end":{"line":31,"column":40}},"31":{"start":{"line":32,"column":0},"end":{"line":32,"column":39}},"34":{"start":{"line":35,"column":0},"end":{"line":35,"column":47}},"35":{"start":{"line":36,"column":0},"end":{"line":36,"column":30}},"36":{"start":{"line":37,"column":0},"end":{"line":37,"column":56}},"38":{"start":{"line":39,"column":0},"end":{"line":39,"column":40}},"39":{"start":{"line":40,"column":0},"end":{"line":40,"column":31}},"40":{"start":{"line":41,"column":0},"end":{"line":41,"column":54}},"41":{"start":{"line":42,"column":0},"end":{"line":42,"column":60}},"43":{"start":{"line":44,"column":0},"end":{"line":44,"column":57}},"44":{"start":{"line":45,"column":0},"end":{"line":45,"column":1}},"46":{"start":{"line":47,"column":0},"end":{"line":47,"column":100}},"47":{"start":{"line":48,"column":0},"end":{"line":48,"column":42}},"48":{"start":{"line":49,"column":0},"end":{"line":49,"column":53}},"49":{"start":{"line":50,"column":0},"end":{"line":50,"column":52}},"50":{"start":{"line":51,"column":0},"end":{"line":51,"column":55}},"52":{"start":{"line":53,"column":0},"end":{"line":53,"column":36}},"53":{"start":{"line":54,"column":0},"end":{"line":54,"column":36}},"54":{"start":{"line":55,"column":0},"end":{"line":55,"column":33}},"55":{"start":{"line":56,"column":0},"end":{"line":56,"column":58}},"56":{"start":{"line":57,"column":0},"end":{"line":57,"column":82}},"58":{"start":{"line":59,"column":0},"end":{"line":59,"column":58}},"60":{"start":{"line":61,"column":0},"end":{"line":61,"column":41}},"61":{"start":{"line":62,"column":0},"end":{"line":62,"column":76}},"62":{"start":{"line":63,"column":0},"end":{"line":63,"column":19}},"63":{"start":{"line":64,"column":0},"end":{"line":64,"column":53}},"64":{"start":{"line":65,"column":0},"end":{"line":65,"column":43}},"65":{"start":{"line":66,"column":0},"end":{"line":66,"column":20}},"66":{"start":{"line":67,"column":0},"end":{"line":67,"column":55}},"67":{"start":{"line":68,"column":0},"end":{"line":68,"column":36}},"68":{"start":{"line":69,"column":0},"end":{"line":69,"column":19}},"69":{"start":{"line":70,"column":0},"end":{"line":70,"column":22}},"70":{"start":{"line":71,"column":0},"end":{"line":71,"column":21}},"71":{"start":{"line":72,"column":0},"end":{"line":72,"column":25}},"72":{"start":{"line":73,"column":0},"end":{"line":73,"column":11}},"73":{"start":{"line":74,"column":0},"end":{"line":74,"column":59}},"74":{"start":{"line":75,"column":0},"end":{"line":75,"column":22}},"75":{"start":{"line":76,"column":0},"end":{"line":76,"column":5}},"77":{"start":{"line":78,"column":0},"end":{"line":78,"column":71}},"78":{"start":{"line":79,"column":0},"end":{"line":79,"column":48}},"81":{"start":{"line":82,"column":0},"end":{"line":82,"column":36}},"82":{"start":{"line":83,"column":0},"end":{"line":83,"column":60}},"83":{"start":{"line":84,"column":0},"end":{"line":84,"column":5}},"86":{"start":{"line":87,"column":0},"end":{"line":87,"column":39}},"87":{"start":{"line":88,"column":0},"end":{"line":88,"column":24}},"88":{"start":{"line":89,"column":0},"end":{"line":89,"column":115}},"89":{"start":{"line":90,"column":0},"end":{"line":90,"column":22}},"90":{"start":{"line":91,"column":0},"end":{"line":91,"column":5}},"93":{"start":{"line":94,"column":0},"end":{"line":94,"column":17}},"94":{"start":{"line":95,"column":0},"end":{"line":95,"column":126}},"95":{"start":{"line":96,"column":0},"end":{"line":96,"column":5}},"98":{"start":{"line":99,"column":0},"end":{"line":99,"column":22}},"99":{"start":{"line":100,"column":0},"end":{"line":100,"column":84}},"100":{"start":{"line":101,"column":0},"end":{"line":101,"column":20}},"101":{"start":{"line":102,"column":0},"end":{"line":102,"column":9}},"103":{"start":{"line":104,"column":0},"end":{"line":104,"column":38}},"104":{"start":{"line":105,"column":0},"end":{"line":105,"column":133}},"105":{"start":{"line":106,"column":0},"end":{"line":106,"column":40}},"106":{"start":{"line":107,"column":0},"end":{"line":107,"column":24}},"107":{"start":{"line":108,"column":0},"end":{"line":108,"column":42}},"108":{"start":{"line":109,"column":0},"end":{"line":109,"column":40}},"109":{"start":{"line":110,"column":0},"end":{"line":110,"column":48}},"110":{"start":{"line":111,"column":0},"end":{"line":111,"column":23}},"111":{"start":{"line":112,"column":0},"end":{"line":112,"column":21}},"112":{"start":{"line":113,"column":0},"end":{"line":113,"column":27}},"113":{"start":{"line":114,"column":0},"end":{"line":114,"column":13}},"114":{"start":{"line":115,"column":0},"end":{"line":115,"column":5}},"116":{"start":{"line":117,"column":0},"end":{"line":117,"column":25}},"117":{"start":{"line":118,"column":0},"end":{"line":118,"column":22}},"118":{"start":{"line":119,"column":0},"end":{"line":119,"column":18}},"120":{"start":{"line":121,"column":0},"end":{"line":121,"column":63}},"121":{"start":{"line":122,"column":0},"end":{"line":122,"column":16}},"122":{"start":{"line":123,"column":0},"end":{"line":123,"column":54}},"123":{"start":{"line":124,"column":0},"end":{"line":124,"column":37}},"124":{"start":{"line":125,"column":0},"end":{"line":125,"column":59}},"125":{"start":{"line":126,"column":0},"end":{"line":126,"column":59}},"126":{"start":{"line":127,"column":0},"end":{"line":127,"column":22}},"127":{"start":{"line":128,"column":0},"end":{"line":128,"column":42}},"128":{"start":{"line":129,"column":0},"end":{"line":129,"column":45}},"129":{"start":{"line":130,"column":0},"end":{"line":130,"column":9}},"130":{"start":{"line":131,"column":0},"end":{"line":131,"column":5}},"131":{"start":{"line":132,"column":0},"end":{"line":132,"column":25}},"133":{"start":{"line":134,"column":0},"end":{"line":134,"column":47}},"134":{"start":{"line":135,"column":0},"end":{"line":135,"column":63}},"135":{"start":{"line":136,"column":0},"end":{"line":136,"column":20}},"137":{"start":{"line":138,"column":0},"end":{"line":138,"column":42}},"138":{"start":{"line":139,"column":0},"end":{"line":139,"column":40}},"141":{"start":{"line":142,"column":0},"end":{"line":142,"column":30}},"142":{"start":{"line":143,"column":0},"end":{"line":143,"column":43}},"143":{"start":{"line":144,"column":0},"end":{"line":144,"column":71}},"144":{"start":{"line":145,"column":0},"end":{"line":145,"column":14}},"145":{"start":{"line":146,"column":0},"end":{"line":146,"column":33}},"146":{"start":{"line":147,"column":0},"end":{"line":147,"column":32}},"147":{"start":{"line":148,"column":0},"end":{"line":148,"column":47}},"148":{"start":{"line":149,"column":0},"end":{"line":149,"column":58}},"149":{"start":{"line":150,"column":0},"end":{"line":150,"column":76}},"150":{"start":{"line":151,"column":0},"end":{"line":151,"column":23}},"151":{"start":{"line":152,"column":0},"end":{"line":152,"column":23}},"152":{"start":{"line":153,"column":0},"end":{"line":153,"column":29}},"153":{"start":{"line":154,"column":0},"end":{"line":154,"column":26}},"154":{"start":{"line":155,"column":0},"end":{"line":155,"column":51}},"155":{"start":{"line":156,"column":0},"end":{"line":156,"column":47}},"156":{"start":{"line":157,"column":0},"end":{"line":157,"column":21}},"157":{"start":{"line":158,"column":0},"end":{"line":158,"column":14}},"158":{"start":{"line":159,"column":0},"end":{"line":159,"column":15}},"159":{"start":{"line":160,"column":0},"end":{"line":160,"column":7}},"160":{"start":{"line":161,"column":0},"end":{"line":161,"column":5}},"162":{"start":{"line":163,"column":0},"end":{"line":163,"column":73}},"164":{"start":{"line":165,"column":0},"end":{"line":165,"column":26}},"166":{"start":{"line":167,"column":0},"end":{"line":167,"column":54}},"167":{"start":{"line":168,"column":0},"end":{"line":168,"column":39}},"168":{"start":{"line":169,"column":0},"end":{"line":169,"column":5}},"170":{"start":{"line":171,"column":0},"end":{"line":171,"column":82}},"171":{"start":{"line":172,"column":0},"end":{"line":172,"column":19}},"173":{"start":{"line":174,"column":0},"end":{"line":174,"column":19}},"174":{"start":{"line":175,"column":0},"end":{"line":175,"column":25}},"176":{"start":{"line":177,"column":0},"end":{"line":177,"column":22}},"177":{"start":{"line":178,"column":0},"end":{"line":178,"column":48}},"178":{"start":{"line":179,"column":0},"end":{"line":179,"column":43}},"179":{"start":{"line":180,"column":0},"end":{"line":180,"column":17}},"180":{"start":{"line":181,"column":0},"end":{"line":181,"column":10}},"181":{"start":{"line":182,"column":0},"end":{"line":182,"column":17}},"183":{"start":{"line":184,"column":0},"end":{"line":184,"column":40}},"184":{"start":{"line":185,"column":0},"end":{"line":185,"column":37}},"185":{"start":{"line":186,"column":0},"end":{"line":186,"column":115}},"186":{"start":{"line":187,"column":0},"end":{"line":187,"column":134}},"187":{"start":{"line":188,"column":0},"end":{"line":188,"column":79}},"188":{"start":{"line":189,"column":0},"end":{"line":189,"column":27}},"189":{"start":{"line":190,"column":0},"end":{"line":190,"column":51}},"190":{"start":{"line":191,"column":0},"end":{"line":191,"column":15}},"191":{"start":{"line":192,"column":0},"end":{"line":192,"column":7}},"192":{"start":{"line":193,"column":0},"end":{"line":193,"column":79}},"193":{"start":{"line":194,"column":0},"end":{"line":194,"column":5}},"194":{"start":{"line":195,"column":0},"end":{"line":195,"column":57}},"197":{"start":{"line":198,"column":0},"end":{"line":198,"column":19}},"198":{"start":{"line":199,"column":0},"end":{"line":199,"column":43}},"199":{"start":{"line":200,"column":0},"end":{"line":200,"column":27}},"200":{"start":{"line":201,"column":0},"end":{"line":201,"column":26}},"201":{"start":{"line":202,"column":0},"end":{"line":202,"column":53}},"202":{"start":{"line":203,"column":0},"end":{"line":203,"column":15}},"203":{"start":{"line":204,"column":0},"end":{"line":204,"column":46}},"204":{"start":{"line":205,"column":0},"end":{"line":205,"column":18}},"205":{"start":{"line":206,"column":0},"end":{"line":206,"column":7}},"206":{"start":{"line":207,"column":0},"end":{"line":207,"column":18}},"207":{"start":{"line":208,"column":0},"end":{"line":208,"column":6}},"208":{"start":{"line":209,"column":0},"end":{"line":209,"column":22}},"209":{"start":{"line":210,"column":0},"end":{"line":210,"column":14}},"210":{"start":{"line":211,"column":0},"end":{"line":211,"column":46}},"211":{"start":{"line":212,"column":0},"end":{"line":212,"column":22}},"212":{"start":{"line":213,"column":0},"end":{"line":213,"column":33}},"213":{"start":{"line":214,"column":0},"end":{"line":214,"column":9}},"214":{"start":{"line":215,"column":0},"end":{"line":215,"column":65}},"215":{"start":{"line":216,"column":0},"end":{"line":216,"column":36}},"216":{"start":{"line":217,"column":0},"end":{"line":217,"column":5}},"217":{"start":{"line":218,"column":0},"end":{"line":218,"column":71}},"218":{"start":{"line":219,"column":0},"end":{"line":219,"column":16}},"221":{"start":{"line":222,"column":0},"end":{"line":222,"column":19}},"222":{"start":{"line":223,"column":0},"end":{"line":223,"column":26}},"224":{"start":{"line":225,"column":0},"end":{"line":225,"column":62}},"225":{"start":{"line":226,"column":0},"end":{"line":226,"column":77}},"226":{"start":{"line":227,"column":0},"end":{"line":227,"column":23}},"227":{"start":{"line":228,"column":0},"end":{"line":228,"column":29}},"228":{"start":{"line":229,"column":0},"end":{"line":229,"column":7}},"229":{"start":{"line":230,"column":0},"end":{"line":230,"column":6}},"230":{"start":{"line":231,"column":0},"end":{"line":231,"column":50}},"231":{"start":{"line":232,"column":0},"end":{"line":232,"column":66}},"232":{"start":{"line":233,"column":0},"end":{"line":233,"column":9}},"234":{"start":{"line":235,"column":0},"end":{"line":235,"column":31}},"235":{"start":{"line":236,"column":0},"end":{"line":236,"column":81}},"236":{"start":{"line":237,"column":0},"end":{"line":237,"column":82}},"237":{"start":{"line":238,"column":0},"end":{"line":238,"column":86}},"238":{"start":{"line":239,"column":0},"end":{"line":239,"column":60}},"239":{"start":{"line":240,"column":0},"end":{"line":240,"column":4}},"241":{"start":{"line":242,"column":0},"end":{"line":242,"column":10}},"242":{"start":{"line":243,"column":0},"end":{"line":243,"column":127}},"243":{"start":{"line":244,"column":0},"end":{"line":244,"column":13}},"244":{"start":{"line":245,"column":0},"end":{"line":245,"column":21}},"245":{"start":{"line":246,"column":0},"end":{"line":246,"column":32}},"246":{"start":{"line":247,"column":0},"end":{"line":247,"column":93}},"247":{"start":{"line":248,"column":0},"end":{"line":248,"column":20}},"248":{"start":{"line":249,"column":0},"end":{"line":249,"column":42}},"249":{"start":{"line":250,"column":0},"end":{"line":250,"column":49}},"250":{"start":{"line":251,"column":0},"end":{"line":251,"column":29}},"251":{"start":{"line":252,"column":0},"end":{"line":252,"column":27}},"252":{"start":{"line":253,"column":0},"end":{"line":253,"column":33}},"253":{"start":{"line":254,"column":0},"end":{"line":254,"column":21}},"254":{"start":{"line":255,"column":0},"end":{"line":255,"column":8}},"256":{"start":{"line":257,"column":0},"end":{"line":257,"column":43}},"257":{"start":{"line":258,"column":0},"end":{"line":258,"column":11}},"258":{"start":{"line":259,"column":0},"end":{"line":259,"column":52}},"259":{"start":{"line":260,"column":0},"end":{"line":260,"column":99}},"260":{"start":{"line":261,"column":0},"end":{"line":261,"column":49}},"262":{"start":{"line":263,"column":0},"end":{"line":263,"column":38}},"263":{"start":{"line":264,"column":0},"end":{"line":264,"column":15}},"264":{"start":{"line":265,"column":0},"end":{"line":265,"column":31}},"265":{"start":{"line":266,"column":0},"end":{"line":266,"column":77}},"266":{"start":{"line":267,"column":0},"end":{"line":267,"column":52}},"267":{"start":{"line":268,"column":0},"end":{"line":268,"column":49}},"269":{"start":{"line":270,"column":0},"end":{"line":270,"column":33}},"270":{"start":{"line":271,"column":0},"end":{"line":271,"column":57}},"271":{"start":{"line":272,"column":0},"end":{"line":272,"column":66}},"272":{"start":{"line":273,"column":0},"end":{"line":273,"column":17}},"273":{"start":{"line":274,"column":0},"end":{"line":274,"column":13}},"274":{"start":{"line":275,"column":0},"end":{"line":275,"column":14}},"275":{"start":{"line":276,"column":0},"end":{"line":276,"column":21}},"276":{"start":{"line":277,"column":0},"end":{"line":277,"column":8}},"277":{"start":{"line":278,"column":0},"end":{"line":278,"column":10}},"279":{"start":{"line":280,"column":0},"end":{"line":280,"column":1}}},"s":{"0":1,"8":1,"9":1,"11":1,"12":1,"13":1,"14":1,"15":1,"17":1,"18":1,"19":1,"20":1,"22":1,"23":1,"24":1,"26":1,"27":1,"28":1,"30":18,"31":18,"34":18,"35":18,"36":18,"38":18,"39":18,"40":18,"41":18,"43":18,"44":18,"46":1,"47":57,"48":57,"49":57,"50":57,"52":57,"53":57,"54":57,"55":57,"56":57,"58":57,"60":24,"61":24,"62":24,"63":8,"64":8,"65":8,"66":12,"67":12,"68":12,"69":12,"70":12,"71":12,"72":8,"73":8,"74":8,"75":8,"77":16,"78":24,"81":24,"82":7,"83":7,"86":24,"87":2,"88":2,"89":2,"90":2,"93":24,"94":2,"95":2,"98":5,"99":5,"100":5,"101":57,"103":57,"104":24,"105":24,"106":24,"107":24,"108":24,"109":24,"110":24,"111":0,"112":0,"113":0,"114":0,"116":24,"117":24,"118":24,"120":24,"121":24,"122":24,"123":24,"124":24,"125":24,"126":24,"127":24,"128":24,"129":24,"130":24,"131":57,"133":57,"134":4,"135":4,"137":4,"138":4,"141":4,"142":2,"143":2,"144":2,"145":2,"146":2,"147":2,"148":2,"149":2,"150":2,"151":2,"152":2,"153":2,"154":2,"155":2,"156":2,"157":2,"158":2,"159":2,"160":2,"162":2,"164":2,"166":4,"167":1,"168":1,"170":2,"171":2,"173":2,"174":2,"176":2,"177":2,"178":2,"179":2,"180":2,"181":57,"183":57,"184":17,"185":7,"186":7,"187":7,"188":1,"189":1,"190":1,"191":1,"192":7,"193":7,"194":57,"197":57,"198":9,"199":9,"200":9,"201":9,"202":9,"203":9,"204":9,"205":9,"206":0,"207":9,"208":9,"209":9,"210":0,"211":0,"212":0,"213":0,"214":0,"215":0,"216":0,"217":9,"218":57,"221":57,"222":9,"224":15,"225":15,"226":1,"227":1,"228":1,"229":15,"230":9,"231":9,"232":57,"234":57,"235":56,"236":56,"237":56,"238":12,"239":56,"241":57,"242":57,"243":57,"244":57,"245":57,"246":57,"247":57,"248":57,"249":57,"250":57,"251":57,"252":57,"253":57,"254":57,"256":57,"257":32,"258":32,"259":32,"260":32,"262":32,"263":56,"264":56,"265":56,"266":56,"267":56,"269":56,"270":56,"271":56,"272":56,"273":32,"274":32,"275":32,"276":32,"277":57,"279":57},"branchMap":{"0":{"type":"branch","line":31,"loc":{"start":{"line":31,"column":0},"end":{"line":45,"column":1}},"locations":[{"start":{"line":31,"column":0},"end":{"line":45,"column":1}}]},"1":{"type":"branch","line":36,"loc":{"start":{"line":36,"column":16},"end":{"line":36,"column":27}},"locations":[{"start":{"line":36,"column":16},"end":{"line":36,"column":27}}]},"2":{"type":"branch","line":36,"loc":{"start":{"line":36,"column":23},"end":{"line":36,"column":30}},"locations":[{"start":{"line":36,"column":23},"end":{"line":36,"column":30}}]},"3":{"type":"branch","line":37,"loc":{"start":{"line":37,"column":21},"end":{"line":37,"column":49}},"locations":[{"start":{"line":37,"column":21},"end":{"line":37,"column":49}}]},"4":{"type":"branch","line":37,"loc":{"start":{"line":37,"column":40},"end":{"line":37,"column":56}},"locations":[{"start":{"line":37,"column":40},"end":{"line":37,"column":56}}]},"5":{"type":"branch","line":41,"loc":{"start":{"line":41,"column":17},"end":{"line":41,"column":51}},"locations":[{"start":{"line":41,"column":17},"end":{"line":41,"column":51}}]},"6":{"type":"branch","line":41,"loc":{"start":{"line":41,"column":47},"end":{"line":41,"column":54}},"locations":[{"start":{"line":41,"column":47},"end":{"line":41,"column":54}}]},"7":{"type":"branch","line":42,"loc":{"start":{"line":42,"column":19},"end":{"line":42,"column":54}},"locations":[{"start":{"line":42,"column":19},"end":{"line":42,"column":54}}]},"8":{"type":"branch","line":42,"loc":{"start":{"line":42,"column":50},"end":{"line":42,"column":60}},"locations":[{"start":{"line":42,"column":50},"end":{"line":42,"column":60}}]},"9":{"type":"branch","line":47,"loc":{"start":{"line":47,"column":7},"end":{"line":280,"column":1}},"locations":[{"start":{"line":47,"column":7},"end":{"line":280,"column":1}}]},"10":{"type":"branch","line":257,"loc":{"start":{"line":257,"column":7},"end":{"line":257,"column":30}},"locations":[{"start":{"line":257,"column":7},"end":{"line":257,"column":30}}]},"11":{"type":"branch","line":257,"loc":{"start":{"line":257,"column":15},"end":{"line":277,"column":8}},"locations":[{"start":{"line":257,"column":15},"end":{"line":277,"column":8}}]},"12":{"type":"branch","line":56,"loc":{"start":{"line":56,"column":12},"end":{"line":56,"column":49}},"locations":[{"start":{"line":56,"column":12},"end":{"line":56,"column":49}}]},"13":{"type":"branch","line":57,"loc":{"start":{"line":57,"column":12},"end":{"line":57,"column":67}},"locations":[{"start":{"line":57,"column":12},"end":{"line":57,"column":67}}]},"14":{"type":"branch","line":57,"loc":{"start":{"line":57,"column":45},"end":{"line":57,"column":64}},"locations":[{"start":{"line":57,"column":45},"end":{"line":57,"column":64}}]},"15":{"type":"branch","line":59,"loc":{"start":{"line":59,"column":39},"end":{"line":102,"column":5}},"locations":[{"start":{"line":59,"column":39},"end":{"line":102,"column":5}}]},"16":{"type":"branch","line":63,"loc":{"start":{"line":63,"column":18},"end":{"line":76,"column":5}},"locations":[{"start":{"line":63,"column":18},"end":{"line":76,"column":5}}]},"17":{"type":"branch","line":64,"loc":{"start":{"line":64,"column":30},"end":{"line":64,"column":39}},"locations":[{"start":{"line":64,"column":30},"end":{"line":64,"column":39}}]},"18":{"type":"branch","line":65,"loc":{"start":{"line":65,"column":29},"end":{"line":65,"column":43}},"locations":[{"start":{"line":65,"column":29},"end":{"line":65,"column":43}}]},"19":{"type":"branch","line":76,"loc":{"start":{"line":76,"column":4},"end":{"line":79,"column":30}},"locations":[{"start":{"line":76,"column":4},"end":{"line":79,"column":30}}]},"20":{"type":"branch","line":79,"loc":{"start":{"line":79,"column":18},"end":{"line":79,"column":34}},"locations":[{"start":{"line":79,"column":18},"end":{"line":79,"column":34}}]},"21":{"type":"branch","line":82,"loc":{"start":{"line":82,"column":8},"end":{"line":82,"column":35}},"locations":[{"start":{"line":82,"column":8},"end":{"line":82,"column":35}}]},"22":{"type":"branch","line":82,"loc":{"start":{"line":82,"column":35},"end":{"line":84,"column":5}},"locations":[{"start":{"line":82,"column":35},"end":{"line":84,"column":5}}]},"23":{"type":"branch","line":84,"loc":{"start":{"line":84,"column":4},"end":{"line":87,"column":18}},"locations":[{"start":{"line":84,"column":4},"end":{"line":87,"column":18}}]},"24":{"type":"branch","line":87,"loc":{"start":{"line":87,"column":8},"end":{"line":87,"column":38}},"locations":[{"start":{"line":87,"column":8},"end":{"line":87,"column":38}}]},"25":{"type":"branch","line":87,"loc":{"start":{"line":87,"column":38},"end":{"line":91,"column":5}},"locations":[{"start":{"line":87,"column":38},"end":{"line":91,"column":5}}]},"26":{"type":"branch","line":91,"loc":{"start":{"line":91,"column":4},"end":{"line":94,"column":16}},"locations":[{"start":{"line":91,"column":4},"end":{"line":94,"column":16}}]},"27":{"type":"branch","line":94,"loc":{"start":{"line":94,"column":16},"end":{"line":96,"column":5}},"locations":[{"start":{"line":94,"column":16},"end":{"line":96,"column":5}}]},"28":{"type":"branch","line":96,"loc":{"start":{"line":96,"column":4},"end":{"line":101,"column":20}},"locations":[{"start":{"line":96,"column":4},"end":{"line":101,"column":20}}]},"29":{"type":"branch","line":66,"loc":{"start":{"line":66,"column":13},"end":{"line":73,"column":10}},"locations":[{"start":{"line":66,"column":13},"end":{"line":73,"column":10}}]},"30":{"type":"branch","line":74,"loc":{"start":{"line":74,"column":16},"end":{"line":74,"column":58}},"locations":[{"start":{"line":74,"column":16},"end":{"line":74,"column":58}}]},"31":{"type":"branch","line":83,"loc":{"start":{"line":83,"column":32},"end":{"line":83,"column":58}},"locations":[{"start":{"line":83,"column":32},"end":{"line":83,"column":58}}]},"32":{"type":"branch","line":89,"loc":{"start":{"line":89,"column":16},"end":{"line":89,"column":114}},"locations":[{"start":{"line":89,"column":16},"end":{"line":89,"column":114}}]},"33":{"type":"branch","line":89,"loc":{"start":{"line":89,"column":48},"end":{"line":89,"column":114}},"locations":[{"start":{"line":89,"column":48},"end":{"line":89,"column":114}}]},"34":{"type":"branch","line":95,"loc":{"start":{"line":95,"column":32},"end":{"line":95,"column":111}},"locations":[{"start":{"line":95,"column":32},"end":{"line":95,"column":111}}]},"35":{"type":"branch","line":95,"loc":{"start":{"line":95,"column":59},"end":{"line":95,"column":111}},"locations":[{"start":{"line":95,"column":59},"end":{"line":95,"column":111}}]},"36":{"type":"branch","line":100,"loc":{"start":{"line":100,"column":14},"end":{"line":100,"column":83}},"locations":[{"start":{"line":100,"column":14},"end":{"line":100,"column":83}}]},"37":{"type":"branch","line":100,"loc":{"start":{"line":100,"column":42},"end":{"line":100,"column":83}},"locations":[{"start":{"line":100,"column":42},"end":{"line":100,"column":83}}]},"38":{"type":"branch","line":104,"loc":{"start":{"line":104,"column":30},"end":{"line":132,"column":5}},"locations":[{"start":{"line":104,"column":30},"end":{"line":132,"column":5}}]},"39":{"type":"branch","line":106,"loc":{"start":{"line":106,"column":33},"end":{"line":106,"column":40}},"locations":[{"start":{"line":106,"column":33},"end":{"line":106,"column":40}}]},"40":{"type":"branch","line":108,"loc":{"start":{"line":108,"column":22},"end":{"line":108,"column":42}},"locations":[{"start":{"line":108,"column":22},"end":{"line":108,"column":42}}]},"41":{"type":"branch","line":109,"loc":{"start":{"line":109,"column":26},"end":{"line":109,"column":40}},"locations":[{"start":{"line":109,"column":26},"end":{"line":109,"column":40}}]},"42":{"type":"branch","line":111,"loc":{"start":{"line":111,"column":22},"end":{"line":115,"column":5}},"locations":[{"start":{"line":111,"column":22},"end":{"line":115,"column":5}}]},"43":{"type":"branch","line":134,"loc":{"start":{"line":134,"column":39},"end":{"line":182,"column":5}},"locations":[{"start":{"line":134,"column":39},"end":{"line":182,"column":5}}]},"44":{"type":"branch","line":136,"loc":{"start":{"line":136,"column":13},"end":{"line":136,"column":20}},"locations":[{"start":{"line":136,"column":13},"end":{"line":136,"column":20}}]},"45":{"type":"branch","line":138,"loc":{"start":{"line":138,"column":22},"end":{"line":138,"column":42}},"locations":[{"start":{"line":138,"column":22},"end":{"line":138,"column":42}}]},"46":{"type":"branch","line":139,"loc":{"start":{"line":139,"column":26},"end":{"line":139,"column":40}},"locations":[{"start":{"line":139,"column":26},"end":{"line":139,"column":40}}]},"47":{"type":"branch","line":142,"loc":{"start":{"line":142,"column":29},"end":{"line":167,"column":35}},"locations":[{"start":{"line":142,"column":29},"end":{"line":167,"column":35}}]},"48":{"type":"branch","line":146,"loc":{"start":{"line":146,"column":25},"end":{"line":146,"column":33}},"locations":[{"start":{"line":146,"column":25},"end":{"line":146,"column":33}}]},"49":{"type":"branch","line":147,"loc":{"start":{"line":147,"column":24},"end":{"line":147,"column":32}},"locations":[{"start":{"line":147,"column":24},"end":{"line":147,"column":32}}]},"50":{"type":"branch","line":149,"loc":{"start":{"line":149,"column":23},"end":{"line":149,"column":42}},"locations":[{"start":{"line":149,"column":23},"end":{"line":149,"column":42}}]},"51":{"type":"branch","line":149,"loc":{"start":{"line":149,"column":33},"end":{"line":149,"column":58}},"locations":[{"start":{"line":149,"column":33},"end":{"line":149,"column":58}}]},"52":{"type":"branch","line":167,"loc":{"start":{"line":167,"column":30},"end":{"line":167,"column":45}},"locations":[{"start":{"line":167,"column":30},"end":{"line":167,"column":45}}]},"53":{"type":"branch","line":167,"loc":{"start":{"line":167,"column":35},"end":{"line":167,"column":53}},"locations":[{"start":{"line":167,"column":35},"end":{"line":167,"column":53}}]},"54":{"type":"branch","line":167,"loc":{"start":{"line":167,"column":53},"end":{"line":169,"column":5}},"locations":[{"start":{"line":167,"column":53},"end":{"line":169,"column":5}}]},"55":{"type":"branch","line":169,"loc":{"start":{"line":169,"column":4},"end":{"line":181,"column":10}},"locations":[{"start":{"line":169,"column":4},"end":{"line":181,"column":10}}]},"56":{"type":"branch","line":154,"loc":{"start":{"line":154,"column":19},"end":{"line":158,"column":11}},"locations":[{"start":{"line":154,"column":19},"end":{"line":158,"column":11}}]},"57":{"type":"branch","line":177,"loc":{"start":{"line":177,"column":15},"end":{"line":181,"column":7}},"locations":[{"start":{"line":177,"column":15},"end":{"line":181,"column":7}}]},"58":{"type":"branch","line":184,"loc":{"start":{"line":184,"column":32},"end":{"line":195,"column":5}},"locations":[{"start":{"line":184,"column":32},"end":{"line":195,"column":5}}]},"59":{"type":"branch","line":185,"loc":{"start":{"line":185,"column":8},"end":{"line":185,"column":36}},"locations":[{"start":{"line":185,"column":8},"end":{"line":185,"column":36}}]},"60":{"type":"branch","line":185,"loc":{"start":{"line":185,"column":36},"end":{"line":194,"column":5}},"locations":[{"start":{"line":185,"column":36},"end":{"line":194,"column":5}}]},"61":{"type":"branch","line":186,"loc":{"start":{"line":186,"column":33},"end":{"line":186,"column":115}},"locations":[{"start":{"line":186,"column":33},"end":{"line":186,"column":115}}]},"62":{"type":"branch","line":187,"loc":{"start":{"line":187,"column":31},"end":{"line":187,"column":134}},"locations":[{"start":{"line":187,"column":31},"end":{"line":187,"column":134}}]},"63":{"type":"branch","line":188,"loc":{"start":{"line":188,"column":20},"end":{"line":188,"column":78}},"locations":[{"start":{"line":188,"column":20},"end":{"line":188,"column":78}}]},"64":{"type":"branch","line":188,"loc":{"start":{"line":188,"column":40},"end":{"line":188,"column":65}},"locations":[{"start":{"line":188,"column":40},"end":{"line":188,"column":65}}]},"65":{"type":"branch","line":188,"loc":{"start":{"line":188,"column":54},"end":{"line":188,"column":78}},"locations":[{"start":{"line":188,"column":54},"end":{"line":188,"column":78}}]},"66":{"type":"branch","line":188,"loc":{"start":{"line":188,"column":78},"end":{"line":192,"column":7}},"locations":[{"start":{"line":188,"column":78},"end":{"line":192,"column":7}}]},"67":{"type":"branch","line":192,"loc":{"start":{"line":192,"column":6},"end":{"line":193,"column":30}},"locations":[{"start":{"line":192,"column":6},"end":{"line":193,"column":30}}]},"68":{"type":"branch","line":193,"loc":{"start":{"line":193,"column":30},"end":{"line":193,"column":79}},"locations":[{"start":{"line":193,"column":30},"end":{"line":193,"column":79}}]},"69":{"type":"branch","line":198,"loc":{"start":{"line":198,"column":12},"end":{"line":219,"column":5}},"locations":[{"start":{"line":198,"column":12},"end":{"line":219,"column":5}}]},"70":{"type":"branch","line":200,"loc":{"start":{"line":200,"column":20},"end":{"line":200,"column":27}},"locations":[{"start":{"line":200,"column":20},"end":{"line":200,"column":27}}]},"71":{"type":"branch","line":210,"loc":{"start":{"line":210,"column":13},"end":{"line":217,"column":5}},"locations":[{"start":{"line":210,"column":13},"end":{"line":217,"column":5}}]},"72":{"type":"branch","line":201,"loc":{"start":{"line":201,"column":19},"end":{"line":208,"column":6}},"locations":[{"start":{"line":201,"column":19},"end":{"line":208,"column":6}}]},"73":{"type":"branch","line":206,"loc":{"start":{"line":206,"column":6},"end":{"line":207,"column":18}},"locations":[{"start":{"line":206,"column":6},"end":{"line":207,"column":18}}]},"74":{"type":"branch","line":218,"loc":{"start":{"line":218,"column":11},"end":{"line":218,"column":71}},"locations":[{"start":{"line":218,"column":11},"end":{"line":218,"column":71}}]},"75":{"type":"branch","line":222,"loc":{"start":{"line":222,"column":12},"end":{"line":233,"column":5}},"locations":[{"start":{"line":222,"column":12},"end":{"line":233,"column":5}}]},"76":{"type":"branch","line":223,"loc":{"start":{"line":223,"column":18},"end":{"line":230,"column":6}},"locations":[{"start":{"line":223,"column":18},"end":{"line":230,"column":6}}]},"77":{"type":"branch","line":225,"loc":{"start":{"line":225,"column":55},"end":{"line":225,"column":62}},"locations":[{"start":{"line":225,"column":55},"end":{"line":225,"column":62}}]},"78":{"type":"branch","line":225,"loc":{"start":{"line":225,"column":55},"end":{"line":226,"column":76}},"locations":[{"start":{"line":225,"column":55},"end":{"line":226,"column":76}}]},"79":{"type":"branch","line":226,"loc":{"start":{"line":226,"column":76},"end":{"line":229,"column":7}},"locations":[{"start":{"line":226,"column":76},"end":{"line":229,"column":7}}]},"80":{"type":"branch","line":232,"loc":{"start":{"line":232,"column":11},"end":{"line":232,"column":66}},"locations":[{"start":{"line":232,"column":11},"end":{"line":232,"column":66}}]},"81":{"type":"branch","line":235,"loc":{"start":{"line":235,"column":20},"end":{"line":240,"column":4}},"locations":[{"start":{"line":235,"column":20},"end":{"line":240,"column":4}}]},"82":{"type":"branch","line":236,"loc":{"start":{"line":236,"column":24},"end":{"line":236,"column":81}},"locations":[{"start":{"line":236,"column":24},"end":{"line":236,"column":81}}]},"83":{"type":"branch","line":236,"loc":{"start":{"line":236,"column":73},"end":{"line":237,"column":31}},"locations":[{"start":{"line":236,"column":73},"end":{"line":237,"column":31}}]},"84":{"type":"branch","line":237,"loc":{"start":{"line":237,"column":24},"end":{"line":237,"column":82}},"locations":[{"start":{"line":237,"column":24},"end":{"line":237,"column":82}}]},"85":{"type":"branch","line":237,"loc":{"start":{"line":237,"column":74},"end":{"line":238,"column":33}},"locations":[{"start":{"line":237,"column":74},"end":{"line":238,"column":33}}]},"86":{"type":"branch","line":238,"loc":{"start":{"line":238,"column":26},"end":{"line":238,"column":86}},"locations":[{"start":{"line":238,"column":26},"end":{"line":238,"column":86}}]},"87":{"type":"branch","line":238,"loc":{"start":{"line":238,"column":78},"end":{"line":239,"column":60}},"locations":[{"start":{"line":238,"column":78},"end":{"line":239,"column":60}}]},"88":{"type":"branch","line":247,"loc":{"start":{"line":247,"column":19},"end":{"line":247,"column":93}},"locations":[{"start":{"line":247,"column":19},"end":{"line":247,"column":93}}]},"89":{"type":"branch","line":261,"loc":{"start":{"line":261,"column":23},"end":{"line":261,"column":49}},"locations":[{"start":{"line":261,"column":23},"end":{"line":261,"column":49}}]},"90":{"type":"branch","line":263,"loc":{"start":{"line":263,"column":27},"end":{"line":273,"column":17}},"locations":[{"start":{"line":263,"column":27},"end":{"line":273,"column":17}}]},"91":{"type":"branch","line":266,"loc":{"start":{"line":266,"column":42},"end":{"line":266,"column":72}},"locations":[{"start":{"line":266,"column":42},"end":{"line":266,"column":72}}]},"92":{"type":"branch","line":266,"loc":{"start":{"line":266,"column":56},"end":{"line":266,"column":74}},"locations":[{"start":{"line":266,"column":56},"end":{"line":266,"column":74}}]},"93":{"type":"branch","line":267,"loc":{"start":{"line":267,"column":28},"end":{"line":267,"column":52}},"locations":[{"start":{"line":267,"column":28},"end":{"line":267,"column":52}}]},"94":{"type":"branch","line":268,"loc":{"start":{"line":268,"column":23},"end":{"line":268,"column":49}},"locations":[{"start":{"line":268,"column":23},"end":{"line":268,"column":49}}]}},"b":{"0":[18],"1":[16],"2":[2],"3":[16],"4":[2],"5":[13],"6":[5],"7":[13],"8":[5],"9":[57],"10":[32],"11":[32],"12":[28],"13":[9],"14":[0],"15":[24],"16":[8],"17":[0],"18":[0],"19":[16],"20":[2],"21":[11],"22":[7],"23":[9],"24":[4],"25":[2],"26":[7],"27":[2],"28":[5],"29":[12],"30":[12],"31":[105],"32":[30],"33":[8],"34":[30],"35":[14],"36":[75],"37":[40],"38":[24],"39":[0],"40":[0],"41":[0],"42":[0],"43":[4],"44":[0],"45":[0],"46":[0],"47":[2],"48":[1],"49":[0],"50":[1],"51":[1],"52":[1],"53":[1],"54":[1],"55":[2],"56":[2],"57":[2],"58":[17],"59":[7],"60":[7],"61":[0],"62":[0],"63":[6],"64":[0],"65":[0],"66":[1],"67":[6],"68":[1],"69":[9],"70":[0],"71":[0],"72":[9],"73":[0],"74":[9],"75":[9],"76":[15],"77":[4],"78":[11],"79":[1],"80":[9],"81":[56],"82":[41],"83":[15],"84":[3],"85":[12],"86":[0],"87":[12],"88":[54],"89":[4],"90":[56],"91":[32],"92":[24],"93":[3],"94":[3]},"fnMap":{"0":{"name":"getTokenContext","decl":{"start":{"line":31,"column":0},"end":{"line":45,"column":1}},"loc":{"start":{"line":31,"column":0},"end":{"line":45,"column":1}},"line":31},"1":{"name":"ScriptAutocomplete","decl":{"start":{"line":47,"column":7},"end":{"line":280,"column":1}},"loc":{"start":{"line":47,"column":7},"end":{"line":280,"column":1}},"line":47},"2":{"name":"attach","decl":{"start":{"line":201,"column":19},"end":{"line":208,"column":6}},"loc":{"start":{"line":201,"column":19},"end":{"line":208,"column":6}},"line":201},"3":{"name":"close","decl":{"start":{"line":223,"column":18},"end":{"line":230,"column":6}},"loc":{"start":{"line":223,"column":18},"end":{"line":230,"column":6}},"line":223},"4":{"name":"kindBadge","decl":{"start":{"line":235,"column":20},"end":{"line":240,"column":4}},"loc":{"start":{"line":235,"column":20},"end":{"line":240,"column":4}},"line":235},"5":{"name":"highlight","decl":{"start":{"line":247,"column":19},"end":{"line":247,"column":93}},"loc":{"start":{"line":247,"column":19},"end":{"line":247,"column":93}},"line":247},"6":{"name":"onMouseDown","decl":{"start":{"line":261,"column":23},"end":{"line":261,"column":49}},"loc":{"start":{"line":261,"column":23},"end":{"line":261,"column":49}},"line":261},"7":{"name":"onMouseEnter","decl":{"start":{"line":267,"column":28},"end":{"line":267,"column":52}},"loc":{"start":{"line":267,"column":28},"end":{"line":267,"column":52}},"line":267},"8":{"name":"onClick","decl":{"start":{"line":268,"column":23},"end":{"line":268,"column":49}},"loc":{"start":{"line":268,"column":23},"end":{"line":268,"column":49}},"line":268}},"f":{"0":18,"1":57,"2":9,"3":15,"4":56,"5":54,"6":4,"7":3,"8":3}}
[...]
,"/Users/alphachristian/Projects/Darube/src/utils/queryUtils.js": {"path":"/Users/alphachristian/Projects/Darube/src/utils/queryUtils.js","all":false,"statementMap":{"0":{"start":{"line":1,"column":0},"end":{"line":1,"column":3}},"1":{"start":{"line":2,"column":0},"end":{"line":2,"column":75}},"2":{"start":{"line":3,"column":0},"end":{"line":3,"column":82}},"3":{"start":{"line":4,"column":0},"end":{"line":4,"column":3}},"4":{"start":{"line":5,"column":0},"end":{"line":5,"column":39}},"5":{"start":{"line":6,"column":0},"end":{"line":6,"column":26}},"6":{"start":{"line":7,"column":0},"end":{"line":7,"column":70}},"7":{"start":{"line":8,"column":0},"end":{"line":8,"column":54}},"8":{"start":{"line":9,"column":0},"end":{"line":9,"column":45}},"9":{"start":{"line":10,"column":0},"end":{"line":10,"column":3}},"10":{"start":{"line":11,"column":0},"end":{"line":11,"column":14}},"11":{"start":{"line":12,"column":0},"end":{"line":12,"column":1}}},"s":{"0":1,"1":1,"2":1,"3":1,"4":1,"5":16,"6":14,"7":16,"8":10,"9":10,"10":4,"11":4},"branchMap":{"0":{"type":"branch","line":5,"loc":{"start":{"line":5,"column":7},"end":{"line":12,"column":1}},"locations":[{"start":{"line":5,"column":7},"end":{"line":12,"column":1}}]},"1":{"type":"branch","line":6,"loc":{"start":{"line":6,"column":14},"end":{"line":6,"column":26}},"locations":[{"start":{"line":6,"column":14},"end":{"line":6,"column":26}}]},"2":{"type":"branch","line":6,"loc":{"start":{"line":6,"column":25},"end":{"line":8,"column":51}},"locations":[{"start":{"line":6,"column":25},"end":{"line":8,"column":51}}]},"3":{"type":"branch","line":8,"loc":{"start":{"line":8,"column":53},"end":{"line":10,"column":3}},"locations":[{"start":{"line":8,"column":53},"end":{"line":10,"column":3}}]},"4":{"type":"branch","line":10,"loc":{"start":{"line":10,"column":2},"end":{"line":12,"column":1}},"locations":[{"start":{"line":10,"column":2},"end":{"line":12,"column":1}}]}},"b":{"0":[16],"1":[2],"2":[14],"3":[10],"4":[4]},"fnMap":{"0":{"name":"getTargetTable","decl":{"start":{"line":5,"column":7},"end":{"line":12,"column":1}},"loc":{"start":{"line":5,"column":7},"end":{"line":12,"column":1}},"line":5}},"f":{"0":16}}
,"/Users/alphachristian/Projects/Darube/src/utils/sqlContext.js": {"path":"/Users/alphachristian/Projects/Darube/src/utils/sqlContext.js","all":false,"statementMap":{"0":{"start":{"line":1,"column":0},"end":{"line":1,"column":3}},"1":{"start":{"line":2,"column":0},"end":{"line":2,"column":64}},"2":{"start":{"line":3,"column":0},"end":{"line":3,"column":60}},"3":{"start":{"line":4,"column":0},"end":{"line":4,"column":3}},"4":{"start":{"line":5,"column":0},"end":{"line":5,"column":48}},"5":{"start":{"line":6,"column":0},"end":{"line":6,"column":43}},"7":{"start":{"line":8,"column":0},"end":{"line":8,"column":41}},"8":{"start":{"line":9,"column":0},"end":{"line":9,"column":50}},"9":{"start":{"line":10,"column":0},"end":{"line":10,"column":48}},"11":{"start":{"line":12,"column":0},"end":{"line":12,"column":67}},"12":{"start":{"line":13,"column":0},"end":{"line":13,"column":23}},"13":{"start":{"line":14,"column":0},"end":{"line":14,"column":28}},"14":{"start":{"line":15,"column":0},"end":{"line":15,"column":42}},"15":{"start":{"line":16,"column":0},"end":{"line":16,"column":22}},"16":{"start":{"line":17,"column":0},"end":{"line":17,"column":41}},"17":{"start":{"line":18,"column":0},"end":{"line":18,"column":44}},"18":{"start":{"line":19,"column":0},"end":{"line":19,"column":3}},"20":{"start":{"line":21,"column":0},"end":{"line":21,"column":57}},"21":{"start":{"line":22,"column":0},"end":{"line":22,"column":88}},"22":{"start":{"line":23,"column":0},"end":{"line":23,"column":28}},"23":{"start":{"line":24,"column":0},"end":{"line":24,"column":19}},"24":{"start":{"line":25,"column":0},"end":{"line":25,"column":8}},"25":{"start":{"line":26,"column":0},"end":{"line":26,"column":48}},"26":{"start":{"line":27,"column":0},"end":{"line":27,"column":28}},"27":{"start":{"line":28,"column":0},"end":{"line":28,"column":24}},"28":{"start":{"line":29,"column":0},"end":{"line":29,"column":59}},"29":{"start":{"line":30,"column":0},"end":{"line":30,"column":5}},"30":{"start":{"line":31,"column":0},"end":{"line":31,"column":3}},"32":{"start":{"line":33,"column":0},"end":{"line":33,"column":51}},"33":{"start":{"line":34,"column":0},"end":{"line":34,"column":20}},"34":{"start":{"line":35,"column":0},"end":{"line":35,"column":74}},"35":{"start":{"line":36,"column":0},"end":{"line":36,"column":9}},"36":{"start":{"line":37,"column":0},"end":{"line":37,"column":47}},"37":{"start":{"line":38,"column":0},"end":{"line":38,"column":23}},"38":{"start":{"line":39,"column":0},"end":{"line":39,"column":41}},"39":{"start":{"line":40,"column":0},"end":{"line":40,"column":47}},"40":{"start":{"line":41,"column":0},"end":{"line":41,"column":49}},"41":{"start":{"line":42,"column":0},"end":{"line":42,"column":5}},"42":{"start":{"line":43,"column":0},"end":{"line":43,"column":3}},"44":{"start":{"line":45,"column":0},"end":{"line":45,"column":22}},"45":{"start":{"line":46,"column":0},"end":{"line":46,"column":25}},"46":{"start":{"line":47,"column":0},"end":{"line":47,"column":44}},"47":{"start":{"line":48,"column":0},"end":{"line":48,"column":5}},"49":{"start":{"line":50,"column":0},"end":{"line":50,"column":83}},"50":{"start":{"line":51,"column":0},"end":{"line":51,"column":1}}},"s":{"0":1,"1":1,"2":1,"3":1,"4":1,"5":9,"7":9,"8":9,"9":9,"11":9,"12":9,"13":9,"14":9,"15":9,"16":3,"17":3,"18":3,"20":9,"21":9,"22":9,"23":9,"24":9,"25":9,"26":15,"27":15,"28":15,"29":15,"30":15,"32":9,"33":9,"34":9,"35":9,"36":9,"37":4,"38":4,"39":4,"40":4,"41":4,"42":4,"44":9,"45":9,"46":4,"47":9,"49":9,"50":9},"branchMap":{"0":{"type":"branch","line":5,"loc":{"start":{"line":5,"column":7},"end":{"line":51,"column":1}},"locations":[{"start":{"line":5,"column":7},"end":{"line":51,"column":1}}]},"1":{"type":"branch","line":10,"loc":{"start":{"line":10,"column":28},"end":{"line":10,"column":42}},"locations":[{"start":{"line":10,"column":28},"end":{"line":10,"column":42}}]},"2":{"type":"branch","line":10,"loc":{"start":{"line":10,"column":43},"end":{"line":10,"column":47}},"locations":[{"start":{"line":10,"column":43},"end":{"line":10,"column":47}}]},"3":{"type":"branch","line":16,"loc":{"start":{"line":16,"column":21},"end":{"line":19,"column":3}},"locations":[{"start":{"line":16,"column":21},"end":{"line":19,"column":3}}]},"4":{"type":"branch","line":26,"loc":{"start":{"line":26,"column":47},"end":{"line":31,"column":3}},"locations":[{"start":{"line":26,"column":47},"end":{"line":31,"column":3}}]},"5":{"type":"branch","line":37,"loc":{"start":{"line":37,"column":46},"end":{"line":43,"column":3}},"locations":[{"start":{"line":37,"column":46},"end":{"line":43,"column":3}}]},"6":{"type":"branch","line":39,"loc":{"start":{"line":39,"column":33},"end":{"line":39,"column":40}},"locations":[{"start":{"line":39,"column":33},"end":{"line":39,"column":40}}]},"7":{"type":"branch","line":40,"loc":{"start":{"line":40,"column":21},"end":{"line":40,"column":43}},"locations":[{"start":{"line":40,"column":21},"end":{"line":40,"column":43}}]},"8":{"type":"branch","line":46,"loc":{"start":{"line":46,"column":17},"end":{"line":48,"column":3}},"locations":[{"start":{"line":46,"column":17},"end":{"line":48,"column":3}}]}},"b":{"0":[9],"1":[4],"2":[5],"3":[3],"4":[15],"5":[4],"6":[0],"7":[1],"8":[4]},"fnMap":{"0":{"name":"parseContext","decl":{"start":{"line":5,"column":7},"end":{"line":51,"column":1}},"loc":{"start":{"line":5,"column":7},"end":{"line":51,"column":1}},"line":5}},"f":{"0":9}}
,"/Users/alphachristian/Projects/Darube/src/utils/tableUtils.js": {"path":"/Users/alphachristian/Projects/Darube/src/utils/tableUtils.js","all":false,"statementMap":{"0":{"start":{"line":1,"column":0},"end":{"line":1,"column":3}},"1":{"start":{"line":2,"column":0},"end":{"line":2,"column":62}},"2":{"start":{"line":3,"column":0},"end":{"line":3,"column":87}},"3":{"start":{"line":4,"column":0},"end":{"line":4,"column":3}},"4":{"start":{"line":5,"column":0},"end":{"line":5,"column":37}},"5":{"start":{"line":6,"column":0},"end":{"line":6,"column":25}},"6":{"start":{"line":7,"column":0},"end":{"line":7,"column":20}},"7":{"start":{"line":8,"column":0},"end":{"line":8,"column":20}},"9":{"start":{"line":10,"column":0},"end":{"line":10,"column":61}},"10":{"start":{"line":11,"column":0},"end":{"line":11,"column":37}},"12":{"start":{"line":13,"column":0},"end":{"line":13,"column":27}},"13":{"start":{"line":14,"column":0},"end":{"line":14,"column":40}},"14":{"start":{"line":15,"column":0},"end":{"line":15,"column":16}},"15":{"start":{"line":16,"column":0},"end":{"line":16,"column":30}},"16":{"start":{"line":17,"column":0},"end":{"line":17,"column":28}},"17":{"start":{"line":18,"column":0},"end":{"line":18,"column":28}},"18":{"start":{"line":19,"column":0},"end":{"line":19,"column":7}},"19":{"start":{"line":20,"column":0},"end":{"line":20,"column":31}},"20":{"start":{"line":21,"column":0},"end":{"line":21,"column":12}},"21":{"start":{"line":22,"column":0},"end":{"line":22,"column":46}},"22":{"start":{"line":23,"column":0},"end":{"line":23,"column":5}},"23":{"start":{"line":24,"column":0},"end":{"line":24,"column":5}},"25":{"start":{"line":26,"column":0},"end":{"line":26,"column":43}},"26":{"start":{"line":27,"column":0},"end":{"line":27,"column":36}},"27":{"start":{"line":28,"column":0},"end":{"line":28,"column":19}},"28":{"start":{"line":29,"column":0},"end":{"line":29,"column":28}},"29":{"start":{"line":30,"column":0},"end":{"line":30,"column":22}},"30":{"start":{"line":31,"column":0},"end":{"line":31,"column":31}},"31":{"start":{"line":32,"column":0},"end":{"line":32,"column":9}},"32":{"start":{"line":33,"column":0},"end":{"line":33,"column":12}},"33":{"start":{"line":34,"column":0},"end":{"line":34,"column":60}},"34":{"start":{"line":35,"column":0},"end":{"line":35,"column":5}},"35":{"start":{"line":36,"column":0},"end":{"line":36,"column":5}},"37":{"start":{"line":38,"column":0},"end":{"line":38,"column":54}},"38":{"start":{"line":39,"column":0},"end":{"line":39,"column":16}},"39":{"start":{"line":40,"column":0},"end":{"line":40,"column":1}}},"s":{"0":1,"1":1,"2":1,"3":1,"4":1,"5":9,"6":7,"7":7,"9":7,"10":7,"12":7,"13":14,"14":14,"15":8,"16":8,"17":4,"18":4,"19":8,"20":14,"21":6,"22":6,"23":7,"25":7,"26":4,"27":3,"28":3,"29":3,"30":3,"31":3,"32":4,"33":1,"34":1,"35":7,"37":7,"38":7,"39":7},"branchMap":{"0":{"type":"branch","line":5,"loc":{"start":{"line":5,"column":7},"end":{"line":40,"column":1}},"locations":[{"start":{"line":5,"column":7},"end":{"line":40,"column":1}}]},"1":{"type":"branch","line":6,"loc":{"start":{"line":6,"column":15},"end":{"line":6,"column":25}},"locations":[{"start":{"line":6,"column":15},"end":{"line":6,"column":25}}]},"2":{"type":"branch","line":6,"loc":{"start":{"line":6,"column":24},"end":{"line":40,"column":1}},"locations":[{"start":{"line":6,"column":24},"end":{"line":40,"column":1}}]},"3":{"type":"branch","line":13,"loc":{"start":{"line":13,"column":17},"end":{"line":24,"column":3}},"locations":[{"start":{"line":13,"column":17},"end":{"line":24,"column":3}}]},"4":{"type":"branch","line":15,"loc":{"start":{"line":15,"column":15},"end":{"line":21,"column":5}},"locations":[{"start":{"line":15,"column":15},"end":{"line":21,"column":5}}]},"5":{"type":"branch","line":17,"loc":{"start":{"line":17,"column":27},"end":{"line":19,"column":7}},"locations":[{"start":{"line":17,"column":27},"end":{"line":19,"column":7}}]},"6":{"type":"branch","line":21,"loc":{"start":{"line":21,"column":5},"end":{"line":23,"column":5}},"locations":[{"start":{"line":21,"column":5},"end":{"line":23,"column":5}}]},"7":{"type":"branch","line":26,"loc":{"start":{"line":26,"column":30},"end":{"line":36,"column":3}},"locations":[{"start":{"line":26,"column":30},"end":{"line":36,"column":3}}]},"8":{"type":"branch","line":27,"loc":{"start":{"line":27,"column":35},"end":{"line":33,"column":5}},"locations":[{"start":{"line":27,"column":35},"end":{"line":33,"column":5}}]},"9":{"type":"branch","line":33,"loc":{"start":{"line":33,"column":5},"end":{"line":35,"column":5}},"locations":[{"start":{"line":33,"column":5},"end":{"line":35,"column":5}}]},"10":{"type":"branch","line":38,"loc":{"start":{"line":38,"column":14},"end":{"line":38,"column":52}},"locations":[{"start":{"line":38,"column":14},"end":{"line":38,"column":52}}]}},"b":{"0":[9],"1":[2],"2":[7],"3":[14],"4":[8],"5":[4],"6":[6],"7":[4],"8":[3],"9":[1],"10":[6]},"fnMap":{"0":{"name":"groupTables","decl":{"start":{"line":5,"column":7},"end":{"line":40,"column":1}},"loc":{"start":{"line":5,"column":7},"end":{"line":40,"column":1}},"line":5}},"f":{"0":9}}
,"/Users/alphachristian/Projects/Darube/src/utils/textareaCaret.js": {"path":"/Users/alphachristian/Projects/Darube/src/utils/textareaCaret.js","all":false,"statementMap":{"0":{"start":{"line":1,"column":0},"end":{"line":1,"column":55}},"1":{"start":{"line":2,"column":0},"end":{"line":2,"column":82}},"2":{"start":{"line":3,"column":0},"end":{"line":3,"column":70}},"3":{"start":{"line":4,"column":0},"end":{"line":4,"column":29}},"4":{"start":{"line":5,"column":0},"end":{"line":5,"column":83}},"6":{"start":{"line":7,"column":0},"end":{"line":7,"column":50}},"8":{"start":{"line":9,"column":0},"end":{"line":9,"column":47}},"9":{"start":{"line":10,"column":0},"end":{"line":10,"column":37}},"10":{"start":{"line":11,"column":0},"end":{"line":11,"column":37}},"11":{"start":{"line":12,"column":0},"end":{"line":12,"column":39}},"12":{"start":{"line":13,"column":0},"end":{"line":13,"column":39}},"13":{"start":{"line":14,"column":0},"end":{"line":14,"column":25}},"14":{"start":{"line":15,"column":0},"end":{"line":15,"column":32}},"16":{"start":{"line":17,"column":0},"end":{"line":17,"column":77}},"17":{"start":{"line":18,"column":0},"end":{"line":18,"column":17}},"18":{"start":{"line":19,"column":0},"end":{"line":19,"column":16}},"19":{"start":{"line":20,"column":0},"end":{"line":20,"column":12}},"20":{"start":{"line":21,"column":0},"end":{"line":21,"column":17}},"21":{"start":{"line":22,"column":0},"end":{"line":22,"column":19}},"22":{"start":{"line":23,"column":0},"end":{"line":23,"column":20}},"23":{"start":{"line":24,"column":0},"end":{"line":24,"column":18}},"24":{"start":{"line":25,"column":0},"end":{"line":25,"column":21}},"25":{"start":{"line":26,"column":0},"end":{"line":26,"column":23}},"26":{"start":{"line":27,"column":0},"end":{"line":27,"column":24}},"27":{"start":{"line":28,"column":0},"end":{"line":28,"column":22}},"28":{"start":{"line":29,"column":0},"end":{"line":29,"column":17}},"29":{"start":{"line":30,"column":0},"end":{"line":30,"column":15}},"30":{"start":{"line":31,"column":0},"end":{"line":31,"column":17}},"31":{"start":{"line":32,"column":0},"end":{"line":32,"column":16}},"32":{"start":{"line":33,"column":0},"end":{"line":33,"column":20}},"33":{"start":{"line":34,"column":0},"end":{"line":34,"column":20}},"34":{"start":{"line":35,"column":0},"end":{"line":35,"column":17}},"35":{"start":{"line":36,"column":0},"end":{"line":36,"column":17}},"36":{"start":{"line":37,"column":0},"end":{"line":37,"column":14}},"37":{"start":{"line":38,"column":0},"end":{"line":38,"column":4}},"38":{"start":{"line":39,"column":0},"end":{"line":39,"column":24}},"39":{"start":{"line":40,"column":0},"end":{"line":40,"column":31}},"40":{"start":{"line":41,"column":0},"end":{"line":41,"column":5}},"42":{"start":{"line":43,"column":0},"end":{"line":43,"column":86}},"43":{"start":{"line":44,"column":0},"end":{"line":44,"column":69}},"45":{"start":{"line":46,"column":0},"end":{"line":46,"column":37}},"46":{"start":{"line":47,"column":0},"end":{"line":47,"column":43}},"48":{"start":{"line":49,"column":0},"end":{"line":49,"column":48}},"49":{"start":{"line":50,"column":0},"end":{"line":50,"column":93}},"50":{"start":{"line":51,"column":0},"end":{"line":51,"column":47}},"51":{"start":{"line":52,"column":0},"end":{"line":52,"column":29}},"53":{"start":{"line":54,"column":0},"end":{"line":54,"column":36}},"55":{"start":{"line":56,"column":0},"end":{"line":56,"column":37}},"56":{"start":{"line":57,"column":0},"end":{"line":57,"column":39}},"57":{"start":{"line":58,"column":0},"end":{"line":58,"column":36}},"59":{"start":{"line":60,"column":0},"end":{"line":60,"column":48}},"60":{"start":{"line":61,"column":0},"end":{"line":61,"column":56}},"62":{"start":{"line":63,"column":0},"end":{"line":63,"column":10}},"63":{"start":{"line":64,"column":0},"end":{"line":64,"column":53}},"64":{"start":{"line":65,"column":0},"end":{"line":65,"column":57}},"65":{"start":{"line":66,"column":0},"end":{"line":66,"column":23}},"66":{"start":{"line":67,"column":0},"end":{"line":67,"column":4}},"67":{"start":{"line":68,"column":0},"end":{"line":68,"column":1}}},"s":{"0":1,"1":1,"2":1,"3":4,"4":4,"6":4,"8":4,"9":4,"10":4,"11":4,"12":4,"13":4,"14":4,"16":4,"17":4,"18":4,"19":4,"20":4,"21":4,"22":4,"23":4,"24":4,"25":4,"26":4,"27":4,"28":4,"29":4,"30":4,"31":4,"32":4,"33":4,"34":4,"35":4,"36":4,"37":4,"38":4,"39":57,"40":4,"42":4,"43":4,"45":4,"46":4,"48":4,"49":4,"50":4,"51":4,"53":4,"55":4,"56":4,"57":4,"59":4,"60":4,"62":4,"63":4,"64":4,"65":4,"66":4,"67":4},"branchMap":{"0":{"type":"branch","line":3,"loc":{"start":{"line":3,"column":7},"end":{"line":68,"column":1}},"locations":[{"start":{"line":3,"column":7},"end":{"line":68,"column":1}}]},"1":{"type":"branch","line":4,"loc":{"start":{"line":4,"column":17},"end":{"line":4,"column":29}},"locations":[{"start":{"line":4,"column":17},"end":{"line":4,"column":29}}]},"2":{"type":"branch","line":4,"loc":{"start":{"line":4,"column":28},"end":{"line":5,"column":43}},"locations":[{"start":{"line":4,"column":28},"end":{"line":5,"column":43}}]},"3":{"type":"branch","line":5,"loc":{"start":{"line":5,"column":43},"end":{"line":5,"column":53}},"locations":[{"start":{"line":5,"column":43},"end":{"line":5,"column":53}}]},"4":{"type":"branch","line":5,"loc":{"start":{"line":5,"column":54},"end":{"line":5,"column":82}},"locations":[{"start":{"line":5,"column":54},"end":{"line":5,"column":82}}]},"5":{"type":"branch","line":5,"loc":{"start":{"line":5,"column":78},"end":{"line":5,"column":82}},"locations":[{"start":{"line":5,"column":78},"end":{"line":5,"column":82}}]},"6":{"type":"branch","line":46,"loc":{"start":{"line":46,"column":31},"end":{"line":46,"column":36}},"locations":[{"start":{"line":46,"column":31},"end":{"line":46,"column":36}}]},"7":{"type":"branch","line":51,"loc":{"start":{"line":51,"column":40},"end":{"line":51,"column":46}},"locations":[{"start":{"line":51,"column":40},"end":{"line":51,"column":46}}]},"8":{"type":"branch","line":61,"loc":{"start":{"line":61,"column":50},"end":{"line":61,"column":55}},"locations":[{"start":{"line":61,"column":50},"end":{"line":61,"column":55}}]},"9":{"type":"branch","line":39,"loc":{"start":{"line":39,"column":16},"end":{"line":41,"column":3}},"locations":[{"start":{"line":39,"column":16},"end":{"line":41,"column":3}}]}},"b":{"0":[4],"1":[1],"2":[3],"3":[1],"4":[2],"5":[1],"6":[1],"7":[1],"8":[1],"9":[57]},"fnMap":{"0":{"name":"getTextareaCaretViewportPosition","decl":{"start":{"line":3,"column":7},"end":{"line":68,"column":1}},"loc":{"start":{"line":3,"column":7},"end":{"line":68,"column":1}},"line":3}},"f":{"0":4}}
}
